{"/Users/supergeorge/Desktop/project/lumi/extension/lib/communication/ChromeBridge.js": {"path":"/Users/supergeorge/Desktop/project/lumi/extension/lib/communication/ChromeBridge.js","statementMap":{"0":{"start":{"line":8,"column":4},"end":{"line":8,"column":29}},"1":{"start":{"line":15,"column":4},"end":{"line":25,"column":5}},"2":{"start":{"line":16,"column":6},"end":{"line":20,"column":7}},"3":{"start":{"line":17,"column":8},"end":{"line":17,"column":68}},"4":{"start":{"line":18,"column":8},"end":{"line":18,"column":42}},"5":{"start":{"line":18,"column":22},"end":{"line":18,"column":42}},"6":{"start":{"line":19,"column":8},"end":{"line":19,"column":15}},"7":{"start":{"line":21,"column":6},"end":{"line":21,"column":52}},"8":{"start":{"line":23,"column":6},"end":{"line":23,"column":71}},"9":{"start":{"line":24,"column":6},"end":{"line":24,"column":40}},"10":{"start":{"line":24,"column":20},"end":{"line":24,"column":40}},"11":{"start":{"line":32,"column":4},"end":{"line":40,"column":7}},"12":{"start":{"line":33,"column":6},"end":{"line":39,"column":9}},"13":{"start":{"line":34,"column":8},"end":{"line":38,"column":9}},"14":{"start":{"line":35,"column":10},"end":{"line":35,"column":36}},"15":{"start":{"line":37,"column":10},"end":{"line":37,"column":76}},"16":{"start":{"line":47,"column":4},"end":{"line":54,"column":7}},"17":{"start":{"line":48,"column":6},"end":{"line":53,"column":9}},"18":{"start":{"line":49,"column":8},"end":{"line":52,"column":11}},"19":{"start":{"line":61,"column":4},"end":{"line":72,"column":7}},"20":{"start":{"line":62,"column":6},"end":{"line":71,"column":9}},"21":{"start":{"line":66,"column":8},"end":{"line":70,"column":9}},"22":{"start":{"line":67,"column":10},"end":{"line":67,"column":44}},"23":{"start":{"line":69,"column":10},"end":{"line":69,"column":28}},"24":{"start":{"line":79,"column":4},"end":{"line":83,"column":7}},"25":{"start":{"line":80,"column":6},"end":{"line":82,"column":9}},"26":{"start":{"line":81,"column":8},"end":{"line":81,"column":24}},"27":{"start":{"line":90,"column":4},"end":{"line":94,"column":7}},"28":{"start":{"line":91,"column":6},"end":{"line":93,"column":9}},"29":{"start":{"line":92,"column":8},"end":{"line":92,"column":18}},"30":{"start":{"line":101,"column":4},"end":{"line":104,"column":7}},"31":{"start":{"line":102,"column":6},"end":{"line":102,"column":46}},"32":{"start":{"line":103,"column":6},"end":{"line":103,"column":18}}},"fnMap":{"0":{"name":"(anonymous_0)","decl":{"start":{"line":7,"column":2},"end":{"line":7,"column":3}},"loc":{"start":{"line":7,"column":24},"end":{"line":9,"column":3}},"line":7},"1":{"name":"(anonymous_1)","decl":{"start":{"line":14,"column":2},"end":{"line":14,"column":3}},"loc":{"start":{"line":14,"column":33},"end":{"line":26,"column":3}},"line":14},"2":{"name":"(anonymous_2)","decl":{"start":{"line":31,"column":2},"end":{"line":31,"column":3}},"loc":{"start":{"line":31,"column":22},"end":{"line":41,"column":3}},"line":31},"3":{"name":"(anonymous_3)","decl":{"start":{"line":32,"column":23},"end":{"line":32,"column":24}},"loc":{"start":{"line":32,"column":44},"end":{"line":40,"column":5}},"line":32},"4":{"name":"(anonymous_4)","decl":{"start":{"line":33,"column":55},"end":{"line":33,"column":56}},"loc":{"start":{"line":33,"column":69},"end":{"line":39,"column":7}},"line":33},"5":{"name":"(anonymous_5)","decl":{"start":{"line":46,"column":2},"end":{"line":46,"column":3}},"loc":{"start":{"line":46,"column":22},"end":{"line":55,"column":3}},"line":46},"6":{"name":"(anonymous_6)","decl":{"start":{"line":47,"column":23},"end":{"line":47,"column":24}},"loc":{"start":{"line":47,"column":36},"end":{"line":54,"column":5}},"line":47},"7":{"name":"(anonymous_7)","decl":{"start":{"line":48,"column":49},"end":{"line":48,"column":50}},"loc":{"start":{"line":48,"column":63},"end":{"line":53,"column":7}},"line":48},"8":{"name":"(anonymous_8)","decl":{"start":{"line":60,"column":2},"end":{"line":60,"column":3}},"loc":{"start":{"line":60,"column":54},"end":{"line":73,"column":3}},"line":60},"9":{"name":"(anonymous_9)","decl":{"start":{"line":61,"column":23},"end":{"line":61,"column":24}},"loc":{"start":{"line":61,"column":44},"end":{"line":72,"column":5}},"line":61},"10":{"name":"(anonymous_10)","decl":{"start":{"line":65,"column":9},"end":{"line":65,"column":10}},"loc":{"start":{"line":65,"column":23},"end":{"line":71,"column":7}},"line":65},"11":{"name":"(anonymous_11)","decl":{"start":{"line":78,"column":2},"end":{"line":78,"column":3}},"loc":{"start":{"line":78,"column":19},"end":{"line":84,"column":3}},"line":78},"12":{"name":"(anonymous_12)","decl":{"start":{"line":79,"column":23},"end":{"line":79,"column":24}},"loc":{"start":{"line":79,"column":36},"end":{"line":83,"column":5}},"line":79},"13":{"name":"(anonymous_13)","decl":{"start":{"line":80,"column":37},"end":{"line":80,"column":38}},"loc":{"start":{"line":80,"column":49},"end":{"line":82,"column":7}},"line":80},"14":{"name":"(anonymous_14)","decl":{"start":{"line":89,"column":2},"end":{"line":89,"column":3}},"loc":{"start":{"line":89,"column":20},"end":{"line":95,"column":3}},"line":89},"15":{"name":"(anonymous_15)","decl":{"start":{"line":90,"column":23},"end":{"line":90,"column":24}},"loc":{"start":{"line":90,"column":36},"end":{"line":94,"column":5}},"line":90},"16":{"name":"(anonymous_16)","decl":{"start":{"line":91,"column":38},"end":{"line":91,"column":39}},"loc":{"start":{"line":91,"column":44},"end":{"line":93,"column":7}},"line":91},"17":{"name":"(anonymous_17)","decl":{"start":{"line":100,"column":2},"end":{"line":100,"column":3}},"loc":{"start":{"line":100,"column":22},"end":{"line":105,"column":3}},"line":100},"18":{"name":"(anonymous_18)","decl":{"start":{"line":101,"column":41},"end":{"line":101,"column":42}},"loc":{"start":{"line":101,"column":76},"end":{"line":104,"column":5}},"line":101}},"branchMap":{"0":{"loc":{"start":{"line":16,"column":6},"end":{"line":20,"column":7}},"type":"if","locations":[{"start":{"line":16,"column":6},"end":{"line":20,"column":7}},{"start":{},"end":{}}],"line":16},"1":{"loc":{"start":{"line":16,"column":10},"end":{"line":16,"column":65}},"type":"binary-expr","locations":[{"start":{"line":16,"column":10},"end":{"line":16,"column":24}},{"start":{"line":16,"column":28},"end":{"line":16,"column":43}},{"start":{"line":16,"column":47},"end":{"line":16,"column":65}}],"line":16},"2":{"loc":{"start":{"line":18,"column":8},"end":{"line":18,"column":42}},"type":"if","locations":[{"start":{"line":18,"column":8},"end":{"line":18,"column":42}},{"start":{},"end":{}}],"line":18},"3":{"loc":{"start":{"line":24,"column":6},"end":{"line":24,"column":40}},"type":"if","locations":[{"start":{"line":24,"column":6},"end":{"line":24,"column":40}},{"start":{},"end":{}}],"line":24},"4":{"loc":{"start":{"line":34,"column":8},"end":{"line":38,"column":9}},"type":"if","locations":[{"start":{"line":34,"column":8},"end":{"line":38,"column":9}},{"start":{"line":36,"column":15},"end":{"line":38,"column":9}}],"line":34},"5":{"loc":{"start":{"line":34,"column":12},"end":{"line":34,"column":40}},"type":"binary-expr","locations":[{"start":{"line":34,"column":12},"end":{"line":34,"column":20}},{"start":{"line":34,"column":24},"end":{"line":34,"column":40}}],"line":34},"6":{"loc":{"start":{"line":37,"column":27},"end":{"line":37,"column":73}},"type":"binary-expr","locations":[{"start":{"line":37,"column":27},"end":{"line":37,"column":42}},{"start":{"line":37,"column":46},"end":{"line":37,"column":73}}],"line":37},"7":{"loc":{"start":{"line":50,"column":19},"end":{"line":50,"column":45}},"type":"binary-expr","locations":[{"start":{"line":50,"column":19},"end":{"line":50,"column":36}},{"start":{"line":50,"column":40},"end":{"line":50,"column":45}}],"line":50},"8":{"loc":{"start":{"line":51,"column":18},"end":{"line":51,"column":42}},"type":"binary-expr","locations":[{"start":{"line":51,"column":18},"end":{"line":51,"column":34}},{"start":{"line":51,"column":38},"end":{"line":51,"column":42}}],"line":51},"9":{"loc":{"start":{"line":60,"column":35},"end":{"line":60,"column":52}},"type":"default-arg","locations":[{"start":{"line":60,"column":48},"end":{"line":60,"column":52}}],"line":60},"10":{"loc":{"start":{"line":66,"column":8},"end":{"line":70,"column":9}},"type":"if","locations":[{"start":{"line":66,"column":8},"end":{"line":70,"column":9}},{"start":{"line":68,"column":15},"end":{"line":70,"column":9}}],"line":66},"11":{"loc":{"start":{"line":66,"column":12},"end":{"line":66,"column":38}},"type":"binary-expr","locations":[{"start":{"line":66,"column":12},"end":{"line":66,"column":20}},{"start":{"line":66,"column":24},"end":{"line":66,"column":38}}],"line":66}},"s":{"0":0,"1":0,"2":0,"3":0,"4":0,"5":0,"6":0,"7":0,"8":0,"9":0,"10":0,"11":0,"12":0,"13":0,"14":0,"15":0,"16":0,"17":0,"18":0,"19":0,"20":0,"21":0,"22":0,"23":0,"24":0,"25":0,"26":0,"27":0,"28":0,"29":0,"30":0,"31":0,"32":0},"f":{"0":0,"1":0,"2":0,"3":0,"4":0,"5":0,"6":0,"7":0,"8":0,"9":0,"10":0,"11":0,"12":0,"13":0,"14":0,"15":0,"16":0,"17":0,"18":0},"b":{"0":[0,0],"1":[0,0,0],"2":[0,0],"3":[0,0],"4":[0,0],"5":[0,0],"6":[0,0],"7":[0,0],"8":[0,0],"9":[0],"10":[0,0],"11":[0,0]},"inputSourceMap":null}
,"/Users/supergeorge/Desktop/project/lumi/extension/lib/communication/ServerClient.js": {"path":"/Users/supergeorge/Desktop/project/lumi/extension/lib/communication/ServerClient.js","statementMap":{"0":{"start":{"line":9,"column":4},"end":{"line":9,"column":37}},"1":{"start":{"line":13,"column":20},"end":{"line":13,"column":77}},"2":{"start":{"line":15,"column":4},"end":{"line":26,"column":5}},"3":{"start":{"line":16,"column":21},"end":{"line":20,"column":7}},"4":{"start":{"line":22,"column":6},"end":{"line":22,"column":20}},"5":{"start":{"line":24,"column":6},"end":{"line":24,"column":63}},"6":{"start":{"line":25,"column":6},"end":{"line":25,"column":18}},"7":{"start":{"line":30,"column":20},"end":{"line":35,"column":5}},"8":{"start":{"line":38,"column":4},"end":{"line":48,"column":5}},"9":{"start":{"line":39,"column":6},"end":{"line":46,"column":8}},"10":{"start":{"line":47,"column":6},"end":{"line":47,"column":38}},"11":{"start":{"line":51,"column":4},"end":{"line":53,"column":5}},"12":{"start":{"line":52,"column":6},"end":{"line":52,"column":38}},"13":{"start":{"line":55,"column":4},"end":{"line":55,"column":19}}},"fnMap":{"0":{"name":"(anonymous_0)","decl":{"start":{"line":8,"column":2},"end":{"line":8,"column":3}},"loc":{"start":{"line":8,"column":28},"end":{"line":10,"column":3}},"line":8},"1":{"name":"(anonymous_1)","decl":{"start":{"line":12,"column":2},"end":{"line":12,"column":3}},"loc":{"start":{"line":12,"column":64},"end":{"line":27,"column":3}},"line":12},"2":{"name":"(anonymous_2)","decl":{"start":{"line":29,"column":2},"end":{"line":29,"column":3}},"loc":{"start":{"line":29,"column":55},"end":{"line":56,"column":3}},"line":29}},"branchMap":{"0":{"loc":{"start":{"line":34,"column":21},"end":{"line":34,"column":67}},"type":"cond-expr","locations":[{"start":{"line":34,"column":43},"end":{"line":34,"column":52}},{"start":{"line":34,"column":55},"end":{"line":34,"column":67}}],"line":34},"1":{"loc":{"start":{"line":38,"column":4},"end":{"line":48,"column":5}},"type":"if","locations":[{"start":{"line":38,"column":4},"end":{"line":48,"column":5}},{"start":{},"end":{}}],"line":38},"2":{"loc":{"start":{"line":51,"column":4},"end":{"line":53,"column":5}},"type":"if","locations":[{"start":{"line":51,"column":4},"end":{"line":53,"column":5}},{"start":{},"end":{}}],"line":51}},"s":{"0":0,"1":0,"2":0,"3":0,"4":0,"5":0,"6":0,"7":0,"8":0,"9":0,"10":0,"11":0,"12":0,"13":0},"f":{"0":0,"1":0,"2":0},"b":{"0":[0,0],"1":[0,0],"2":[0,0]},"inputSourceMap":null}
,"/Users/supergeorge/Desktop/project/lumi/extension/lib/core/EventBus.js": {"path":"/Users/supergeorge/Desktop/project/lumi/extension/lib/core/EventBus.js","statementMap":{"0":{"start":{"line":8,"column":4},"end":{"line":8,"column":31}},"1":{"start":{"line":18,"column":4},"end":{"line":20,"column":5}},"2":{"start":{"line":19,"column":6},"end":{"line":19,"column":36}},"3":{"start":{"line":22,"column":4},"end":{"line":22,"column":45}},"4":{"start":{"line":25,"column":4},"end":{"line":25,"column":43}},"5":{"start":{"line":25,"column":17},"end":{"line":25,"column":42}},"6":{"start":{"line":34,"column":25},"end":{"line":37,"column":5}},"7":{"start":{"line":35,"column":6},"end":{"line":35,"column":24}},"8":{"start":{"line":36,"column":6},"end":{"line":36,"column":36}},"9":{"start":{"line":39,"column":4},"end":{"line":39,"column":33}},"10":{"start":{"line":48,"column":4},"end":{"line":48,"column":43}},"11":{"start":{"line":48,"column":36},"end":{"line":48,"column":43}},"12":{"start":{"line":50,"column":22},"end":{"line":50,"column":47}},"13":{"start":{"line":51,"column":18},"end":{"line":51,"column":45}},"14":{"start":{"line":53,"column":4},"end":{"line":55,"column":5}},"15":{"start":{"line":54,"column":6},"end":{"line":54,"column":33}},"16":{"start":{"line":58,"column":4},"end":{"line":60,"column":5}},"17":{"start":{"line":59,"column":6},"end":{"line":59,"column":35}},"18":{"start":{"line":69,"column":4},"end":{"line":69,"column":43}},"19":{"start":{"line":69,"column":36},"end":{"line":69,"column":43}},"20":{"start":{"line":71,"column":22},"end":{"line":71,"column":55}},"21":{"start":{"line":74,"column":4},"end":{"line":80,"column":7}},"22":{"start":{"line":75,"column":6},"end":{"line":79,"column":7}},"23":{"start":{"line":76,"column":8},"end":{"line":76,"column":26}},"24":{"start":{"line":78,"column":8},"end":{"line":78,"column":82}},"25":{"start":{"line":88,"column":4},"end":{"line":92,"column":5}},"26":{"start":{"line":89,"column":6},"end":{"line":89,"column":35}},"27":{"start":{"line":91,"column":6},"end":{"line":91,"column":29}},"28":{"start":{"line":101,"column":4},"end":{"line":101,"column":76}}},"fnMap":{"0":{"name":"(anonymous_0)","decl":{"start":{"line":7,"column":2},"end":{"line":7,"column":3}},"loc":{"start":{"line":7,"column":16},"end":{"line":9,"column":3}},"line":7},"1":{"name":"(anonymous_1)","decl":{"start":{"line":17,"column":2},"end":{"line":17,"column":3}},"loc":{"start":{"line":17,"column":22},"end":{"line":26,"column":3}},"line":17},"2":{"name":"(anonymous_2)","decl":{"start":{"line":25,"column":11},"end":{"line":25,"column":12}},"loc":{"start":{"line":25,"column":17},"end":{"line":25,"column":42}},"line":25},"3":{"name":"(anonymous_3)","decl":{"start":{"line":33,"column":2},"end":{"line":33,"column":3}},"loc":{"start":{"line":33,"column":24},"end":{"line":40,"column":3}},"line":33},"4":{"name":"(anonymous_4)","decl":{"start":{"line":34,"column":25},"end":{"line":34,"column":26}},"loc":{"start":{"line":34,"column":38},"end":{"line":37,"column":5}},"line":34},"5":{"name":"(anonymous_5)","decl":{"start":{"line":47,"column":2},"end":{"line":47,"column":3}},"loc":{"start":{"line":47,"column":23},"end":{"line":61,"column":3}},"line":47},"6":{"name":"(anonymous_6)","decl":{"start":{"line":68,"column":2},"end":{"line":68,"column":3}},"loc":{"start":{"line":68,"column":23},"end":{"line":81,"column":3}},"line":68},"7":{"name":"(anonymous_7)","decl":{"start":{"line":74,"column":22},"end":{"line":74,"column":23}},"loc":{"start":{"line":74,"column":34},"end":{"line":80,"column":5}},"line":74},"8":{"name":"(anonymous_8)","decl":{"start":{"line":87,"column":2},"end":{"line":87,"column":3}},"loc":{"start":{"line":87,"column":15},"end":{"line":93,"column":3}},"line":87},"9":{"name":"(anonymous_9)","decl":{"start":{"line":100,"column":2},"end":{"line":100,"column":3}},"loc":{"start":{"line":100,"column":23},"end":{"line":102,"column":3}},"line":100}},"branchMap":{"0":{"loc":{"start":{"line":18,"column":4},"end":{"line":20,"column":5}},"type":"if","locations":[{"start":{"line":18,"column":4},"end":{"line":20,"column":5}},{"start":{},"end":{}}],"line":18},"1":{"loc":{"start":{"line":48,"column":4},"end":{"line":48,"column":43}},"type":"if","locations":[{"start":{"line":48,"column":4},"end":{"line":48,"column":43}},{"start":{},"end":{}}],"line":48},"2":{"loc":{"start":{"line":53,"column":4},"end":{"line":55,"column":5}},"type":"if","locations":[{"start":{"line":53,"column":4},"end":{"line":55,"column":5}},{"start":{},"end":{}}],"line":53},"3":{"loc":{"start":{"line":58,"column":4},"end":{"line":60,"column":5}},"type":"if","locations":[{"start":{"line":58,"column":4},"end":{"line":60,"column":5}},{"start":{},"end":{}}],"line":58},"4":{"loc":{"start":{"line":69,"column":4},"end":{"line":69,"column":43}},"type":"if","locations":[{"start":{"line":69,"column":4},"end":{"line":69,"column":43}},{"start":{},"end":{}}],"line":69},"5":{"loc":{"start":{"line":88,"column":4},"end":{"line":92,"column":5}},"type":"if","locations":[{"start":{"line":88,"column":4},"end":{"line":92,"column":5}},{"start":{"line":90,"column":11},"end":{"line":92,"column":5}}],"line":88},"6":{"loc":{"start":{"line":101,"column":11},"end":{"line":101,"column":75}},"type":"cond-expr","locations":[{"start":{"line":101,"column":39},"end":{"line":101,"column":71}},{"start":{"line":101,"column":74},"end":{"line":101,"column":75}}],"line":101}},"s":{"0":28,"1":20,"2":16,"3":20,"4":20,"5":1,"6":1,"7":1,"8":1,"9":1,"10":4,"11":0,"12":4,"13":4,"14":4,"15":4,"16":4,"17":3,"18":34,"19":24,"20":10,"21":10,"22":12,"23":12,"24":1,"25":2,"26":1,"27":1,"28":4},"f":{"0":28,"1":20,"2":1,"3":1,"4":1,"5":4,"6":34,"7":12,"8":2,"9":4},"b":{"0":[16,4],"1":[0,4],"2":[4,0],"3":[3,1],"4":[24,10],"5":[1,1],"6":[2,2]},"inputSourceMap":null,"_coverageSchema":"1a1c01bbd47fc00a2c39e90264f33305004495a9","hash":"d03e5dc16066491baff3e294164087dfe046a197"}
,"/Users/supergeorge/Desktop/project/lumi/extension/lib/core/StateManager.js": {"path":"/Users/supergeorge/Desktop/project/lumi/extension/lib/core/StateManager.js","statementMap":{"0":{"start":{"line":8,"column":4},"end":{"line":8,"column":29}},"1":{"start":{"line":11,"column":4},"end":{"line":37,"column":6}},"2":{"start":{"line":40,"column":4},"end":{"line":40,"column":33}},"3":{"start":{"line":49,"column":4},"end":{"line":49,"column":33}},"4":{"start":{"line":49,"column":15},"end":{"line":49,"column":33}},"5":{"start":{"line":51,"column":4},"end":{"line":51,"column":50}},"6":{"start":{"line":61,"column":21},"end":{"line":61,"column":35}},"7":{"start":{"line":64,"column":4},"end":{"line":64,"column":35}},"8":{"start":{"line":64,"column":28},"end":{"line":64,"column":35}},"9":{"start":{"line":66,"column":4},"end":{"line":66,"column":50}},"10":{"start":{"line":68,"column":4},"end":{"line":70,"column":5}},"11":{"start":{"line":69,"column":6},"end":{"line":69,"column":42}},"12":{"start":{"line":78,"column":4},"end":{"line":80,"column":7}},"13":{"start":{"line":79,"column":6},"end":{"line":79,"column":34}},"14":{"start":{"line":83,"column":4},"end":{"line":83,"column":54}},"15":{"start":{"line":93,"column":4},"end":{"line":95,"column":5}},"16":{"start":{"line":94,"column":6},"end":{"line":94,"column":37}},"17":{"start":{"line":97,"column":4},"end":{"line":97,"column":46}},"18":{"start":{"line":100,"column":4},"end":{"line":108,"column":6}},"19":{"start":{"line":101,"column":24},"end":{"line":101,"column":50}},"20":{"start":{"line":102,"column":6},"end":{"line":107,"column":7}},"21":{"start":{"line":103,"column":22},"end":{"line":103,"column":49}},"22":{"start":{"line":104,"column":8},"end":{"line":106,"column":9}},"23":{"start":{"line":105,"column":10},"end":{"line":105,"column":37}},"24":{"start":{"line":116,"column":4},"end":{"line":116,"column":50}},"25":{"start":{"line":123,"column":21},"end":{"line":123,"column":36}},"26":{"start":{"line":125,"column":4},"end":{"line":151,"column":6}},"27":{"start":{"line":153,"column":4},"end":{"line":153,"column":60}},"28":{"start":{"line":159,"column":4},"end":{"line":161,"column":12}},"29":{"start":{"line":160,"column":6},"end":{"line":160,"column":28}},"30":{"start":{"line":165,"column":17},"end":{"line":165,"column":32}},"31":{"start":{"line":166,"column":20},"end":{"line":166,"column":30}},"32":{"start":{"line":168,"column":19},"end":{"line":173,"column":11}},"33":{"start":{"line":169,"column":6},"end":{"line":171,"column":7}},"34":{"start":{"line":170,"column":8},"end":{"line":170,"column":26}},"35":{"start":{"line":172,"column":6},"end":{"line":172,"column":26}},"36":{"start":{"line":175,"column":4},"end":{"line":175,"column":28}},"37":{"start":{"line":180,"column":4},"end":{"line":188,"column":5}},"38":{"start":{"line":181,"column":6},"end":{"line":187,"column":9}},"39":{"start":{"line":182,"column":8},"end":{"line":186,"column":9}},"40":{"start":{"line":183,"column":10},"end":{"line":183,"column":39}},"41":{"start":{"line":185,"column":10},"end":{"line":185,"column":84}},"42":{"start":{"line":191,"column":4},"end":{"line":191,"column":69}},"43":{"start":{"line":194,"column":4},"end":{"line":194,"column":60}}},"fnMap":{"0":{"name":"(anonymous_0)","decl":{"start":{"line":7,"column":2},"end":{"line":7,"column":3}},"loc":{"start":{"line":7,"column":24},"end":{"line":41,"column":3}},"line":7},"1":{"name":"(anonymous_1)","decl":{"start":{"line":48,"column":2},"end":{"line":48,"column":3}},"loc":{"start":{"line":48,"column":12},"end":{"line":52,"column":3}},"line":48},"2":{"name":"(anonymous_2)","decl":{"start":{"line":60,"column":2},"end":{"line":60,"column":3}},"loc":{"start":{"line":60,"column":35},"end":{"line":71,"column":3}},"line":60},"3":{"name":"(anonymous_3)","decl":{"start":{"line":77,"column":2},"end":{"line":77,"column":3}},"loc":{"start":{"line":77,"column":17},"end":{"line":84,"column":3}},"line":77},"4":{"name":"(anonymous_4)","decl":{"start":{"line":78,"column":36},"end":{"line":78,"column":37}},"loc":{"start":{"line":78,"column":55},"end":{"line":80,"column":5}},"line":78},"5":{"name":"(anonymous_5)","decl":{"start":{"line":92,"column":2},"end":{"line":92,"column":3}},"loc":{"start":{"line":92,"column":28},"end":{"line":109,"column":3}},"line":92},"6":{"name":"(anonymous_6)","decl":{"start":{"line":100,"column":11},"end":{"line":100,"column":12}},"loc":{"start":{"line":100,"column":17},"end":{"line":108,"column":5}},"line":100},"7":{"name":"(anonymous_7)","decl":{"start":{"line":115,"column":2},"end":{"line":115,"column":3}},"loc":{"start":{"line":115,"column":13},"end":{"line":117,"column":3}},"line":115},"8":{"name":"(anonymous_8)","decl":{"start":{"line":122,"column":2},"end":{"line":122,"column":3}},"loc":{"start":{"line":122,"column":10},"end":{"line":154,"column":3}},"line":122},"9":{"name":"(anonymous_9)","decl":{"start":{"line":158,"column":2},"end":{"line":158,"column":3}},"loc":{"start":{"line":158,"column":29},"end":{"line":162,"column":3}},"line":158},"10":{"name":"(anonymous_10)","decl":{"start":{"line":159,"column":34},"end":{"line":159,"column":35}},"loc":{"start":{"line":159,"column":52},"end":{"line":161,"column":5}},"line":159},"11":{"name":"(anonymous_11)","decl":{"start":{"line":164,"column":2},"end":{"line":164,"column":3}},"loc":{"start":{"line":164,"column":36},"end":{"line":176,"column":3}},"line":164},"12":{"name":"(anonymous_12)","decl":{"start":{"line":168,"column":31},"end":{"line":168,"column":32}},"loc":{"start":{"line":168,"column":49},"end":{"line":173,"column":5}},"line":168},"13":{"name":"(anonymous_13)","decl":{"start":{"line":178,"column":2},"end":{"line":178,"column":3}},"loc":{"start":{"line":178,"column":36},"end":{"line":195,"column":3}},"line":178},"14":{"name":"(anonymous_14)","decl":{"start":{"line":181,"column":41},"end":{"line":181,"column":42}},"loc":{"start":{"line":181,"column":53},"end":{"line":187,"column":7}},"line":181}},"branchMap":{"0":{"loc":{"start":{"line":49,"column":4},"end":{"line":49,"column":33}},"type":"if","locations":[{"start":{"line":49,"column":4},"end":{"line":49,"column":33}},{"start":{},"end":{}}],"line":49},"1":{"loc":{"start":{"line":60,"column":19},"end":{"line":60,"column":33}},"type":"default-arg","locations":[{"start":{"line":60,"column":28},"end":{"line":60,"column":33}}],"line":60},"2":{"loc":{"start":{"line":64,"column":4},"end":{"line":64,"column":35}},"type":"if","locations":[{"start":{"line":64,"column":4},"end":{"line":64,"column":35}},{"start":{},"end":{}}],"line":64},"3":{"loc":{"start":{"line":68,"column":4},"end":{"line":70,"column":5}},"type":"if","locations":[{"start":{"line":68,"column":4},"end":{"line":70,"column":5}},{"start":{},"end":{}}],"line":68},"4":{"loc":{"start":{"line":93,"column":4},"end":{"line":95,"column":5}},"type":"if","locations":[{"start":{"line":93,"column":4},"end":{"line":95,"column":5}},{"start":{},"end":{}}],"line":93},"5":{"loc":{"start":{"line":102,"column":6},"end":{"line":107,"column":7}},"type":"if","locations":[{"start":{"line":102,"column":6},"end":{"line":107,"column":7}},{"start":{},"end":{}}],"line":102},"6":{"loc":{"start":{"line":104,"column":8},"end":{"line":106,"column":9}},"type":"if","locations":[{"start":{"line":104,"column":8},"end":{"line":106,"column":9}},{"start":{},"end":{}}],"line":104},"7":{"loc":{"start":{"line":169,"column":6},"end":{"line":171,"column":7}},"type":"if","locations":[{"start":{"line":169,"column":6},"end":{"line":171,"column":7}},{"start":{},"end":{}}],"line":169},"8":{"loc":{"start":{"line":180,"column":4},"end":{"line":188,"column":5}},"type":"if","locations":[{"start":{"line":180,"column":4},"end":{"line":188,"column":5}},{"start":{},"end":{}}],"line":180}},"s":{"0":17,"1":17,"2":17,"3":28,"4":1,"5":27,"6":16,"7":16,"8":1,"9":15,"10":15,"11":9,"12":2,"13":5,"14":2,"15":7,"16":6,"17":7,"18":7,"19":1,"20":1,"21":1,"22":1,"23":1,"24":3,"25":2,"26":2,"27":2,"28":27,"29":54,"30":15,"31":15,"32":15,"33":15,"34":0,"35":15,"36":15,"37":9,"38":4,"39":4,"40":4,"41":0,"42":9,"43":9},"f":{"0":17,"1":28,"2":16,"3":2,"4":5,"5":7,"6":1,"7":3,"8":2,"9":27,"10":54,"11":15,"12":15,"13":9,"14":4},"b":{"0":[1,27],"1":[10],"2":[1,15],"3":[9,6],"4":[6,1],"5":[1,0],"6":[1,0],"7":[0,15],"8":[4,5]},"inputSourceMap":null,"_coverageSchema":"1a1c01bbd47fc00a2c39e90264f33305004495a9","hash":"b981798f688348b2e3f0bf04fd825fb4b4f0e0da"}
,"/Users/supergeorge/Desktop/project/lumi/extension/lib/engine/EngineManager.js": {"path":"/Users/supergeorge/Desktop/project/lumi/extension/lib/engine/EngineManager.js","statementMap":{"0":{"start":{"line":8,"column":4},"end":{"line":8,"column":29}},"1":{"start":{"line":9,"column":4},"end":{"line":9,"column":37}},"2":{"start":{"line":10,"column":4},"end":{"line":10,"column":37}},"3":{"start":{"line":15,"column":19},"end":{"line":15,"column":65}},"4":{"start":{"line":17,"column":4},"end":{"line":22,"column":5}},"5":{"start":{"line":18,"column":6},"end":{"line":18,"column":45}},"6":{"start":{"line":19,"column":6},"end":{"line":19,"column":53}},"7":{"start":{"line":21,"column":6},"end":{"line":21,"column":53}},"8":{"start":{"line":24,"column":4},"end":{"line":24,"column":86}},"9":{"start":{"line":28,"column":4},"end":{"line":31,"column":5}},"10":{"start":{"line":29,"column":6},"end":{"line":29,"column":63}},"11":{"start":{"line":30,"column":6},"end":{"line":30,"column":13}},"12":{"start":{"line":33,"column":4},"end":{"line":33,"column":52}},"13":{"start":{"line":36,"column":4},"end":{"line":38,"column":5}},"14":{"start":{"line":37,"column":6},"end":{"line":37,"column":47}},"15":{"start":{"line":40,"column":4},"end":{"line":40,"column":50}},"16":{"start":{"line":46,"column":21},"end":{"line":46,"column":61}},"17":{"start":{"line":48,"column":4},"end":{"line":51,"column":5}},"18":{"start":{"line":50,"column":6},"end":{"line":50,"column":13}},"19":{"start":{"line":53,"column":4},"end":{"line":56,"column":7}},"20":{"start":{"line":58,"column":4},"end":{"line":58,"column":73}},"21":{"start":{"line":62,"column":4},"end":{"line":62,"column":51}},"22":{"start":{"line":66,"column":4},"end":{"line":66,"column":53}},"23":{"start":{"line":70,"column":22},"end":{"line":70,"column":48}},"24":{"start":{"line":71,"column":4},"end":{"line":71,"column":31}}},"fnMap":{"0":{"name":"(anonymous_0)","decl":{"start":{"line":7,"column":2},"end":{"line":7,"column":3}},"loc":{"start":{"line":7,"column":52},"end":{"line":11,"column":3}},"line":7},"1":{"name":"(anonymous_1)","decl":{"start":{"line":13,"column":2},"end":{"line":13,"column":3}},"loc":{"start":{"line":13,"column":15},"end":{"line":25,"column":3}},"line":13},"2":{"name":"(anonymous_2)","decl":{"start":{"line":27,"column":2},"end":{"line":27,"column":3}},"loc":{"start":{"line":27,"column":39},"end":{"line":41,"column":3}},"line":27},"3":{"name":"(anonymous_3)","decl":{"start":{"line":43,"column":2},"end":{"line":43,"column":3}},"loc":{"start":{"line":43,"column":36},"end":{"line":59,"column":3}},"line":43},"4":{"name":"(anonymous_4)","decl":{"start":{"line":61,"column":2},"end":{"line":61,"column":3}},"loc":{"start":{"line":61,"column":21},"end":{"line":63,"column":3}},"line":61},"5":{"name":"(anonymous_5)","decl":{"start":{"line":65,"column":2},"end":{"line":65,"column":3}},"loc":{"start":{"line":65,"column":24},"end":{"line":67,"column":3}},"line":65},"6":{"name":"(anonymous_6)","decl":{"start":{"line":69,"column":2},"end":{"line":69,"column":3}},"loc":{"start":{"line":69,"column":28},"end":{"line":72,"column":3}},"line":69}},"branchMap":{"0":{"loc":{"start":{"line":17,"column":4},"end":{"line":22,"column":5}},"type":"if","locations":[{"start":{"line":17,"column":4},"end":{"line":22,"column":5}},{"start":{"line":20,"column":11},"end":{"line":22,"column":5}}],"line":17},"1":{"loc":{"start":{"line":17,"column":8},"end":{"line":17,"column":82}},"type":"binary-expr","locations":[{"start":{"line":17,"column":8},"end":{"line":17,"column":21}},{"start":{"line":17,"column":26},"end":{"line":17,"column":51}},{"start":{"line":17,"column":55},"end":{"line":17,"column":81}}],"line":17},"2":{"loc":{"start":{"line":27,"column":23},"end":{"line":27,"column":37}},"type":"default-arg","locations":[{"start":{"line":27,"column":32},"end":{"line":27,"column":37}}],"line":27},"3":{"loc":{"start":{"line":28,"column":4},"end":{"line":31,"column":5}},"type":"if","locations":[{"start":{"line":28,"column":4},"end":{"line":31,"column":5}},{"start":{},"end":{}}],"line":28},"4":{"loc":{"start":{"line":28,"column":8},"end":{"line":28,"column":49}},"type":"binary-expr","locations":[{"start":{"line":28,"column":8},"end":{"line":28,"column":26}},{"start":{"line":28,"column":30},"end":{"line":28,"column":49}}],"line":28},"5":{"loc":{"start":{"line":36,"column":4},"end":{"line":38,"column":5}},"type":"if","locations":[{"start":{"line":36,"column":4},"end":{"line":38,"column":5}},{"start":{},"end":{}}],"line":36},"6":{"loc":{"start":{"line":48,"column":4},"end":{"line":51,"column":5}},"type":"if","locations":[{"start":{"line":48,"column":4},"end":{"line":51,"column":5}},{"start":{},"end":{}}],"line":48}},"s":{"0":0,"1":0,"2":0,"3":0,"4":0,"5":0,"6":0,"7":0,"8":0,"9":0,"10":0,"11":0,"12":0,"13":0,"14":0,"15":0,"16":0,"17":0,"18":0,"19":0,"20":0,"21":0,"22":0,"23":0,"24":0},"f":{"0":0,"1":0,"2":0,"3":0,"4":0,"5":0,"6":0},"b":{"0":[0,0],"1":[0,0,0],"2":[0],"3":[0,0],"4":[0,0],"5":[0,0],"6":[0,0]},"inputSourceMap":null}
,"/Users/supergeorge/Desktop/project/lumi/extension/lib/engine/HealthChecker.js": {"path":"/Users/supergeorge/Desktop/project/lumi/extension/lib/engine/HealthChecker.js","statementMap":{"0":{"start":{"line":8,"column":4},"end":{"line":8,"column":29}},"1":{"start":{"line":9,"column":4},"end":{"line":9,"column":37}},"2":{"start":{"line":10,"column":4},"end":{"line":10,"column":37}},"3":{"start":{"line":11,"column":4},"end":{"line":11,"column":39}},"4":{"start":{"line":12,"column":4},"end":{"line":12,"column":27}},"5":{"start":{"line":13,"column":4},"end":{"line":13,"column":27}},"6":{"start":{"line":17,"column":4},"end":{"line":17,"column":31}},"7":{"start":{"line":17,"column":24},"end":{"line":17,"column":31}},"8":{"start":{"line":19,"column":4},"end":{"line":19,"column":26}},"9":{"start":{"line":22,"column":4},"end":{"line":22,"column":21}},"10":{"start":{"line":25,"column":4},"end":{"line":27,"column":17}},"11":{"start":{"line":26,"column":6},"end":{"line":26,"column":23}},"12":{"start":{"line":29,"column":4},"end":{"line":29,"column":49}},"13":{"start":{"line":33,"column":4},"end":{"line":33,"column":32}},"14":{"start":{"line":33,"column":25},"end":{"line":33,"column":32}},"15":{"start":{"line":35,"column":4},"end":{"line":35,"column":27}},"16":{"start":{"line":37,"column":4},"end":{"line":40,"column":5}},"17":{"start":{"line":38,"column":6},"end":{"line":38,"column":37}},"18":{"start":{"line":39,"column":6},"end":{"line":39,"column":29}},"19":{"start":{"line":42,"column":4},"end":{"line":42,"column":49}},"20":{"start":{"line":46,"column":4},"end":{"line":77,"column":5}},"21":{"start":{"line":47,"column":21},"end":{"line":47,"column":64}},"22":{"start":{"line":49,"column":6},"end":{"line":49,"column":68}},"23":{"start":{"line":51,"column":6},"end":{"line":65,"column":7}},"24":{"start":{"line":52,"column":21},"end":{"line":52,"column":50}},"25":{"start":{"line":53,"column":31},"end":{"line":53,"column":69}},"26":{"start":{"line":54,"column":32},"end":{"line":54,"column":72}},"27":{"start":{"line":58,"column":8},"end":{"line":58,"column":79}},"28":{"start":{"line":59,"column":13},"end":{"line":65,"column":7}},"29":{"start":{"line":61,"column":8},"end":{"line":61,"column":59}},"30":{"start":{"line":64,"column":8},"end":{"line":64,"column":60}},"31":{"start":{"line":67,"column":6},"end":{"line":70,"column":9}},"32":{"start":{"line":72,"column":6},"end":{"line":72,"column":60}},"33":{"start":{"line":73,"column":6},"end":{"line":73,"column":59}},"34":{"start":{"line":74,"column":6},"end":{"line":74,"column":58}},"35":{"start":{"line":76,"column":6},"end":{"line":76,"column":54}}},"fnMap":{"0":{"name":"(anonymous_0)","decl":{"start":{"line":7,"column":2},"end":{"line":7,"column":3}},"loc":{"start":{"line":7,"column":67},"end":{"line":14,"column":3}},"line":7},"1":{"name":"(anonymous_1)","decl":{"start":{"line":16,"column":2},"end":{"line":16,"column":3}},"loc":{"start":{"line":16,"column":26},"end":{"line":30,"column":3}},"line":16},"2":{"name":"(anonymous_2)","decl":{"start":{"line":25,"column":34},"end":{"line":25,"column":35}},"loc":{"start":{"line":25,"column":40},"end":{"line":27,"column":5}},"line":25},"3":{"name":"(anonymous_3)","decl":{"start":{"line":32,"column":2},"end":{"line":32,"column":3}},"loc":{"start":{"line":32,"column":9},"end":{"line":43,"column":3}},"line":32},"4":{"name":"(anonymous_4)","decl":{"start":{"line":45,"column":2},"end":{"line":45,"column":3}},"loc":{"start":{"line":45,"column":20},"end":{"line":78,"column":3}},"line":45}},"branchMap":{"0":{"loc":{"start":{"line":16,"column":8},"end":{"line":16,"column":24}},"type":"default-arg","locations":[{"start":{"line":16,"column":19},"end":{"line":16,"column":24}}],"line":16},"1":{"loc":{"start":{"line":17,"column":4},"end":{"line":17,"column":31}},"type":"if","locations":[{"start":{"line":17,"column":4},"end":{"line":17,"column":31}},{"start":{},"end":{}}],"line":17},"2":{"loc":{"start":{"line":33,"column":4},"end":{"line":33,"column":32}},"type":"if","locations":[{"start":{"line":33,"column":4},"end":{"line":33,"column":32}},{"start":{},"end":{}}],"line":33},"3":{"loc":{"start":{"line":37,"column":4},"end":{"line":40,"column":5}},"type":"if","locations":[{"start":{"line":37,"column":4},"end":{"line":40,"column":5}},{"start":{},"end":{}}],"line":37},"4":{"loc":{"start":{"line":51,"column":6},"end":{"line":65,"column":7}},"type":"if","locations":[{"start":{"line":51,"column":6},"end":{"line":65,"column":7}},{"start":{"line":59,"column":13},"end":{"line":65,"column":7}}],"line":51},"5":{"loc":{"start":{"line":51,"column":10},"end":{"line":51,"column":58}},"type":"binary-expr","locations":[{"start":{"line":51,"column":10},"end":{"line":51,"column":24}},{"start":{"line":51,"column":28},"end":{"line":51,"column":58}}],"line":51},"6":{"loc":{"start":{"line":53,"column":34},"end":{"line":53,"column":68}},"type":"binary-expr","locations":[{"start":{"line":53,"column":34},"end":{"line":53,"column":44}},{"start":{"line":53,"column":48},"end":{"line":53,"column":68}}],"line":53},"7":{"loc":{"start":{"line":54,"column":35},"end":{"line":54,"column":71}},"type":"binary-expr","locations":[{"start":{"line":54,"column":35},"end":{"line":54,"column":46}},{"start":{"line":54,"column":50},"end":{"line":54,"column":71}}],"line":54},"8":{"loc":{"start":{"line":59,"column":13},"end":{"line":65,"column":7}},"type":"if","locations":[{"start":{"line":59,"column":13},"end":{"line":65,"column":7}},{"start":{"line":62,"column":13},"end":{"line":65,"column":7}}],"line":59}},"s":{"0":0,"1":0,"2":0,"3":0,"4":0,"5":0,"6":0,"7":0,"8":0,"9":0,"10":0,"11":0,"12":0,"13":0,"14":0,"15":0,"16":0,"17":0,"18":0,"19":0,"20":0,"21":0,"22":0,"23":0,"24":0,"25":0,"26":0,"27":0,"28":0,"29":0,"30":0,"31":0,"32":0,"33":0,"34":0,"35":0},"f":{"0":0,"1":0,"2":0,"3":0,"4":0},"b":{"0":[0],"1":[0,0],"2":[0,0],"3":[0,0],"4":[0,0],"5":[0,0],"6":[0,0],"7":[0,0],"8":[0,0]},"inputSourceMap":null}
,"/Users/supergeorge/Desktop/project/lumi/extension/lib/selection/ElementSelector.js": {"path":"/Users/supergeorge/Desktop/project/lumi/extension/lib/selection/ElementSelector.js","statementMap":{"0":{"start":{"line":9,"column":4},"end":{"line":9,"column":29}},"1":{"start":{"line":10,"column":4},"end":{"line":10,"column":37}},"2":{"start":{"line":11,"column":4},"end":{"line":11,"column":45}},"3":{"start":{"line":12,"column":4},"end":{"line":12,"column":31}},"4":{"start":{"line":13,"column":4},"end":{"line":13,"column":26}},"5":{"start":{"line":16,"column":4},"end":{"line":16,"column":59}},"6":{"start":{"line":17,"column":4},"end":{"line":17,"column":51}},"7":{"start":{"line":21,"column":4},"end":{"line":21,"column":30}},"8":{"start":{"line":21,"column":23},"end":{"line":21,"column":30}},"9":{"start":{"line":23,"column":4},"end":{"line":23,"column":25}},"10":{"start":{"line":24,"column":4},"end":{"line":24,"column":48}},"11":{"start":{"line":26,"column":4},"end":{"line":26,"column":85}},"12":{"start":{"line":28,"column":4},"end":{"line":28,"column":71}},"13":{"start":{"line":29,"column":4},"end":{"line":29,"column":63}},"14":{"start":{"line":30,"column":4},"end":{"line":30,"column":66}},"15":{"start":{"line":31,"column":4},"end":{"line":31,"column":55}},"16":{"start":{"line":33,"column":4},"end":{"line":33,"column":49}},"17":{"start":{"line":37,"column":4},"end":{"line":37,"column":31}},"18":{"start":{"line":37,"column":24},"end":{"line":37,"column":31}},"19":{"start":{"line":39,"column":4},"end":{"line":39,"column":26}},"20":{"start":{"line":40,"column":4},"end":{"line":40,"column":45}},"21":{"start":{"line":42,"column":4},"end":{"line":42,"column":26}},"22":{"start":{"line":43,"column":4},"end":{"line":43,"column":38}},"23":{"start":{"line":45,"column":4},"end":{"line":45,"column":74}},"24":{"start":{"line":46,"column":4},"end":{"line":46,"column":66}},"25":{"start":{"line":47,"column":4},"end":{"line":47,"column":69}},"26":{"start":{"line":48,"column":4},"end":{"line":48,"column":58}},"27":{"start":{"line":50,"column":4},"end":{"line":50,"column":51}},"28":{"start":{"line":54,"column":4},"end":{"line":54,"column":64}},"29":{"start":{"line":54,"column":57},"end":{"line":54,"column":64}},"30":{"start":{"line":56,"column":27},"end":{"line":56,"column":76}},"31":{"start":{"line":57,"column":4},"end":{"line":60,"column":5}},"32":{"start":{"line":58,"column":6},"end":{"line":58,"column":66}},"33":{"start":{"line":59,"column":6},"end":{"line":59,"column":48}},"34":{"start":{"line":64,"column":4},"end":{"line":64,"column":64}},"35":{"start":{"line":64,"column":57},"end":{"line":64,"column":64}},"36":{"start":{"line":66,"column":4},"end":{"line":66,"column":23}},"37":{"start":{"line":67,"column":4},"end":{"line":67,"column":24}},"38":{"start":{"line":69,"column":20},"end":{"line":69,"column":28}},"39":{"start":{"line":70,"column":4},"end":{"line":70,"column":29}},"40":{"start":{"line":74,"column":21},"end":{"line":74,"column":64}},"41":{"start":{"line":77,"column":19},"end":{"line":77,"column":66}},"42":{"start":{"line":77,"column":41},"end":{"line":77,"column":65}},"43":{"start":{"line":78,"column":4},"end":{"line":78,"column":23}},"44":{"start":{"line":78,"column":16},"end":{"line":78,"column":23}},"45":{"start":{"line":80,"column":21},"end":{"line":80,"column":48}},"46":{"start":{"line":81,"column":17},"end":{"line":81,"column":48}},"47":{"start":{"line":83,"column":17},"end":{"line":93,"column":5}},"48":{"start":{"line":95,"column":4},"end":{"line":95,"column":24}},"49":{"start":{"line":96,"column":4},"end":{"line":96,"column":58}},"50":{"start":{"line":98,"column":4},"end":{"line":98,"column":48}},"51":{"start":{"line":99,"column":4},"end":{"line":99,"column":49}},"52":{"start":{"line":103,"column":4},"end":{"line":103,"column":52}},"53":{"start":{"line":104,"column":4},"end":{"line":104,"column":47}},"54":{"start":{"line":105,"column":4},"end":{"line":105,"column":45}}},"fnMap":{"0":{"name":"(anonymous_0)","decl":{"start":{"line":8,"column":2},"end":{"line":8,"column":3}},"loc":{"start":{"line":8,"column":67},"end":{"line":18,"column":3}},"line":8},"1":{"name":"(anonymous_1)","decl":{"start":{"line":20,"column":2},"end":{"line":20,"column":3}},"loc":{"start":{"line":20,"column":13},"end":{"line":34,"column":3}},"line":20},"2":{"name":"(anonymous_2)","decl":{"start":{"line":36,"column":2},"end":{"line":36,"column":3}},"loc":{"start":{"line":36,"column":15},"end":{"line":51,"column":3}},"line":36},"3":{"name":"(anonymous_3)","decl":{"start":{"line":53,"column":2},"end":{"line":53,"column":3}},"loc":{"start":{"line":53,"column":21},"end":{"line":61,"column":3}},"line":53},"4":{"name":"(anonymous_4)","decl":{"start":{"line":63,"column":2},"end":{"line":63,"column":3}},"loc":{"start":{"line":63,"column":17},"end":{"line":71,"column":3}},"line":63},"5":{"name":"(anonymous_5)","decl":{"start":{"line":73,"column":2},"end":{"line":73,"column":3}},"loc":{"start":{"line":73,"column":22},"end":{"line":100,"column":3}},"line":73},"6":{"name":"(anonymous_6)","decl":{"start":{"line":77,"column":33},"end":{"line":77,"column":34}},"loc":{"start":{"line":77,"column":41},"end":{"line":77,"column":65}},"line":77},"7":{"name":"(anonymous_7)","decl":{"start":{"line":102,"column":2},"end":{"line":102,"column":3}},"loc":{"start":{"line":102,"column":20},"end":{"line":106,"column":3}},"line":102}},"branchMap":{"0":{"loc":{"start":{"line":21,"column":4},"end":{"line":21,"column":30}},"type":"if","locations":[{"start":{"line":21,"column":4},"end":{"line":21,"column":30}},{"start":{},"end":{}}],"line":21},"1":{"loc":{"start":{"line":37,"column":4},"end":{"line":37,"column":31}},"type":"if","locations":[{"start":{"line":37,"column":4},"end":{"line":37,"column":31}},{"start":{},"end":{}}],"line":37},"2":{"loc":{"start":{"line":54,"column":4},"end":{"line":54,"column":64}},"type":"if","locations":[{"start":{"line":54,"column":4},"end":{"line":54,"column":64}},{"start":{},"end":{}}],"line":54},"3":{"loc":{"start":{"line":54,"column":8},"end":{"line":54,"column":55}},"type":"binary-expr","locations":[{"start":{"line":54,"column":8},"end":{"line":54,"column":22}},{"start":{"line":54,"column":26},"end":{"line":54,"column":55}}],"line":54},"4":{"loc":{"start":{"line":57,"column":4},"end":{"line":60,"column":5}},"type":"if","locations":[{"start":{"line":57,"column":4},"end":{"line":60,"column":5}},{"start":{},"end":{}}],"line":57},"5":{"loc":{"start":{"line":64,"column":4},"end":{"line":64,"column":64}},"type":"if","locations":[{"start":{"line":64,"column":4},"end":{"line":64,"column":64}},{"start":{},"end":{}}],"line":64},"6":{"loc":{"start":{"line":64,"column":8},"end":{"line":64,"column":55}},"type":"binary-expr","locations":[{"start":{"line":64,"column":8},"end":{"line":64,"column":22}},{"start":{"line":64,"column":26},"end":{"line":64,"column":55}}],"line":64},"7":{"loc":{"start":{"line":78,"column":4},"end":{"line":78,"column":23}},"type":"if","locations":[{"start":{"line":78,"column":4},"end":{"line":78,"column":23}},{"start":{},"end":{}}],"line":78}},"s":{"0":0,"1":0,"2":0,"3":0,"4":0,"5":0,"6":0,"7":0,"8":0,"9":0,"10":0,"11":0,"12":0,"13":0,"14":0,"15":0,"16":0,"17":0,"18":0,"19":0,"20":0,"21":0,"22":0,"23":0,"24":0,"25":0,"26":0,"27":0,"28":0,"29":0,"30":0,"31":0,"32":0,"33":0,"34":0,"35":0,"36":0,"37":0,"38":0,"39":0,"40":0,"41":0,"42":0,"43":0,"44":0,"45":0,"46":0,"47":0,"48":0,"49":0,"50":0,"51":0,"52":0,"53":0,"54":0},"f":{"0":0,"1":0,"2":0,"3":0,"4":0,"5":0,"6":0,"7":0},"b":{"0":[0,0],"1":[0,0],"2":[0,0],"3":[0,0],"4":[0,0],"5":[0,0],"6":[0,0],"7":[0,0]},"inputSourceMap":null}
,"/Users/supergeorge/Desktop/project/lumi/extension/lib/selection/HighlightManager.js": {"path":"/Users/supergeorge/Desktop/project/lumi/extension/lib/selection/HighlightManager.js","statementMap":{"0":{"start":{"line":7,"column":4},"end":{"line":7,"column":31}},"1":{"start":{"line":8,"column":4},"end":{"line":8,"column":34}},"2":{"start":{"line":9,"column":4},"end":{"line":9,"column":34}},"3":{"start":{"line":16,"column":4},"end":{"line":16,"column":21}},"4":{"start":{"line":18,"column":17},"end":{"line":18,"column":48}},"5":{"start":{"line":19,"column":22},"end":{"line":19,"column":51}},"6":{"start":{"line":20,"column":4},"end":{"line":20,"column":54}},"7":{"start":{"line":21,"column":4},"end":{"line":33,"column":6}},"8":{"start":{"line":35,"column":4},"end":{"line":35,"column":41}},"9":{"start":{"line":36,"column":4},"end":{"line":36,"column":36}},"10":{"start":{"line":43,"column":4},"end":{"line":46,"column":5}},"11":{"start":{"line":44,"column":6},"end":{"line":44,"column":35}},"12":{"start":{"line":45,"column":6},"end":{"line":45,"column":33}},"13":{"start":{"line":53,"column":17},"end":{"line":53,"column":48}},"14":{"start":{"line":54,"column":22},"end":{"line":54,"column":51}},"15":{"start":{"line":55,"column":4},"end":{"line":55,"column":57}},"16":{"start":{"line":56,"column":4},"end":{"line":68,"column":6}},"17":{"start":{"line":71,"column":18},"end":{"line":71,"column":47}},"18":{"start":{"line":72,"column":4},"end":{"line":84,"column":6}},"19":{"start":{"line":85,"column":4},"end":{"line":85,"column":121}},"20":{"start":{"line":86,"column":4},"end":{"line":86,"column":33}},"21":{"start":{"line":88,"column":4},"end":{"line":88,"column":41}},"22":{"start":{"line":89,"column":4},"end":{"line":89,"column":45}},"23":{"start":{"line":91,"column":4},"end":{"line":91,"column":47}},"24":{"start":{"line":98,"column":4},"end":{"line":101,"column":5}},"25":{"start":{"line":99,"column":6},"end":{"line":99,"column":47}},"26":{"start":{"line":100,"column":6},"end":{"line":100,"column":48}},"27":{"start":{"line":108,"column":4},"end":{"line":108,"column":54}},"28":{"start":{"line":108,"column":42},"end":{"line":108,"column":52}},"29":{"start":{"line":109,"column":4},"end":{"line":109,"column":34}},"30":{"start":{"line":116,"column":4},"end":{"line":116,"column":33}},"31":{"start":{"line":118,"column":20},"end":{"line":118,"column":49}},"32":{"start":{"line":119,"column":4},"end":{"line":119,"column":50}},"33":{"start":{"line":120,"column":4},"end":{"line":130,"column":6}},"34":{"start":{"line":132,"column":4},"end":{"line":132,"column":39}},"35":{"start":{"line":133,"column":4},"end":{"line":133,"column":37}},"36":{"start":{"line":140,"column":4},"end":{"line":143,"column":5}},"37":{"start":{"line":141,"column":6},"end":{"line":141,"column":39}},"38":{"start":{"line":142,"column":6},"end":{"line":142,"column":13}},"39":{"start":{"line":145,"column":4},"end":{"line":145,"column":57}},"40":{"start":{"line":146,"column":4},"end":{"line":146,"column":55}},"41":{"start":{"line":147,"column":4},"end":{"line":147,"column":59}},"42":{"start":{"line":148,"column":4},"end":{"line":148,"column":61}},"43":{"start":{"line":155,"column":4},"end":{"line":158,"column":5}},"44":{"start":{"line":156,"column":6},"end":{"line":156,"column":38}},"45":{"start":{"line":157,"column":6},"end":{"line":157,"column":36}},"46":{"start":{"line":165,"column":4},"end":{"line":165,"column":21}},"47":{"start":{"line":166,"column":4},"end":{"line":166,"column":30}},"48":{"start":{"line":167,"column":4},"end":{"line":167,"column":33}}},"fnMap":{"0":{"name":"(anonymous_0)","decl":{"start":{"line":6,"column":2},"end":{"line":6,"column":3}},"loc":{"start":{"line":6,"column":16},"end":{"line":10,"column":3}},"line":6},"1":{"name":"(anonymous_1)","decl":{"start":{"line":15,"column":2},"end":{"line":15,"column":3}},"loc":{"start":{"line":15,"column":21},"end":{"line":37,"column":3}},"line":15},"2":{"name":"(anonymous_2)","decl":{"start":{"line":42,"column":2},"end":{"line":42,"column":3}},"loc":{"start":{"line":42,"column":14},"end":{"line":47,"column":3}},"line":42},"3":{"name":"(anonymous_3)","decl":{"start":{"line":52,"column":2},"end":{"line":52,"column":3}},"loc":{"start":{"line":52,"column":24},"end":{"line":92,"column":3}},"line":52},"4":{"name":"(anonymous_4)","decl":{"start":{"line":97,"column":2},"end":{"line":97,"column":3}},"loc":{"start":{"line":97,"column":25},"end":{"line":102,"column":3}},"line":97},"5":{"name":"(anonymous_5)","decl":{"start":{"line":107,"column":2},"end":{"line":107,"column":3}},"loc":{"start":{"line":107,"column":23},"end":{"line":110,"column":3}},"line":107},"6":{"name":"(anonymous_6)","decl":{"start":{"line":108,"column":37},"end":{"line":108,"column":38}},"loc":{"start":{"line":108,"column":42},"end":{"line":108,"column":52}},"line":108},"7":{"name":"(anonymous_7)","decl":{"start":{"line":115,"column":2},"end":{"line":115,"column":3}},"loc":{"start":{"line":115,"column":30},"end":{"line":134,"column":3}},"line":115},"8":{"name":"(anonymous_8)","decl":{"start":{"line":139,"column":2},"end":{"line":139,"column":3}},"loc":{"start":{"line":139,"column":32},"end":{"line":149,"column":3}},"line":139},"9":{"name":"(anonymous_9)","decl":{"start":{"line":154,"column":2},"end":{"line":154,"column":3}},"loc":{"start":{"line":154,"column":26},"end":{"line":159,"column":3}},"line":154},"10":{"name":"(anonymous_10)","decl":{"start":{"line":164,"column":2},"end":{"line":164,"column":3}},"loc":{"start":{"line":164,"column":13},"end":{"line":168,"column":3}},"line":164}},"branchMap":{"0":{"loc":{"start":{"line":43,"column":4},"end":{"line":46,"column":5}},"type":"if","locations":[{"start":{"line":43,"column":4},"end":{"line":46,"column":5}},{"start":{},"end":{}}],"line":43},"1":{"loc":{"start":{"line":85,"column":57},"end":{"line":85,"column":119}},"type":"cond-expr","locations":[{"start":{"line":85,"column":77},"end":{"line":85,"column":114}},{"start":{"line":85,"column":117},"end":{"line":85,"column":119}}],"line":85},"2":{"loc":{"start":{"line":98,"column":4},"end":{"line":101,"column":5}},"type":"if","locations":[{"start":{"line":98,"column":4},"end":{"line":101,"column":5}},{"start":{},"end":{}}],"line":98},"3":{"loc":{"start":{"line":140,"column":4},"end":{"line":143,"column":5}},"type":"if","locations":[{"start":{"line":140,"column":4},"end":{"line":143,"column":5}},{"start":{},"end":{}}],"line":140},"4":{"loc":{"start":{"line":155,"column":4},"end":{"line":158,"column":5}},"type":"if","locations":[{"start":{"line":155,"column":4},"end":{"line":158,"column":5}},{"start":{},"end":{}}],"line":155}},"s":{"0":0,"1":0,"2":0,"3":0,"4":0,"5":0,"6":0,"7":0,"8":0,"9":0,"10":0,"11":0,"12":0,"13":0,"14":0,"15":0,"16":0,"17":0,"18":0,"19":0,"20":0,"21":0,"22":0,"23":0,"24":0,"25":0,"26":0,"27":0,"28":0,"29":0,"30":0,"31":0,"32":0,"33":0,"34":0,"35":0,"36":0,"37":0,"38":0,"39":0,"40":0,"41":0,"42":0,"43":0,"44":0,"45":0,"46":0,"47":0,"48":0},"f":{"0":0,"1":0,"2":0,"3":0,"4":0,"5":0,"6":0,"7":0,"8":0,"9":0,"10":0},"b":{"0":[0,0],"1":[0,0],"2":[0,0],"3":[0,0],"4":[0,0]},"inputSourceMap":null}
,"/Users/supergeorge/Desktop/project/lumi/extension/lib/selection/ScreenshotSelector.js": {"path":"/Users/supergeorge/Desktop/project/lumi/extension/lib/selection/ScreenshotSelector.js","statementMap":{"0":{"start":{"line":9,"column":4},"end":{"line":9,"column":29}},"1":{"start":{"line":10,"column":4},"end":{"line":10,"column":37}},"2":{"start":{"line":11,"column":4},"end":{"line":11,"column":45}},"3":{"start":{"line":12,"column":4},"end":{"line":12,"column":31}},"4":{"start":{"line":13,"column":4},"end":{"line":13,"column":37}},"5":{"start":{"line":14,"column":4},"end":{"line":14,"column":26}},"6":{"start":{"line":15,"column":4},"end":{"line":15,"column":32}},"7":{"start":{"line":18,"column":4},"end":{"line":18,"column":59}},"8":{"start":{"line":19,"column":4},"end":{"line":19,"column":59}},"9":{"start":{"line":20,"column":4},"end":{"line":20,"column":55}},"10":{"start":{"line":24,"column":4},"end":{"line":24,"column":30}},"11":{"start":{"line":24,"column":23},"end":{"line":24,"column":30}},"12":{"start":{"line":26,"column":4},"end":{"line":26,"column":25}},"13":{"start":{"line":27,"column":4},"end":{"line":27,"column":51}},"14":{"start":{"line":29,"column":4},"end":{"line":29,"column":64}},"15":{"start":{"line":31,"column":4},"end":{"line":31,"column":71}},"16":{"start":{"line":32,"column":4},"end":{"line":32,"column":69}},"17":{"start":{"line":33,"column":4},"end":{"line":33,"column":58}},"18":{"start":{"line":35,"column":4},"end":{"line":35,"column":52}},"19":{"start":{"line":39,"column":4},"end":{"line":39,"column":31}},"20":{"start":{"line":39,"column":24},"end":{"line":39,"column":31}},"21":{"start":{"line":41,"column":4},"end":{"line":41,"column":26}},"22":{"start":{"line":42,"column":4},"end":{"line":42,"column":45}},"23":{"start":{"line":44,"column":4},"end":{"line":44,"column":26}},"24":{"start":{"line":45,"column":4},"end":{"line":45,"column":50}},"25":{"start":{"line":47,"column":4},"end":{"line":47,"column":74}},"26":{"start":{"line":48,"column":4},"end":{"line":48,"column":74}},"27":{"start":{"line":49,"column":4},"end":{"line":49,"column":70}},"28":{"start":{"line":50,"column":4},"end":{"line":50,"column":72}},"29":{"start":{"line":51,"column":4},"end":{"line":51,"column":61}},"30":{"start":{"line":53,"column":4},"end":{"line":53,"column":54}},"31":{"start":{"line":57,"column":4},"end":{"line":57,"column":64}},"32":{"start":{"line":57,"column":57},"end":{"line":57,"column":64}},"33":{"start":{"line":59,"column":4},"end":{"line":59,"column":23}},"34":{"start":{"line":61,"column":4},"end":{"line":64,"column":6}},"35":{"start":{"line":66,"column":4},"end":{"line":66,"column":71}},"36":{"start":{"line":67,"column":4},"end":{"line":67,"column":67}},"37":{"start":{"line":71,"column":4},"end":{"line":71,"column":38}},"38":{"start":{"line":71,"column":31},"end":{"line":71,"column":38}},"39":{"start":{"line":73,"column":20},"end":{"line":76,"column":5}},"40":{"start":{"line":78,"column":17},"end":{"line":83,"column":5}},"41":{"start":{"line":85,"column":4},"end":{"line":85,"column":56}},"42":{"start":{"line":89,"column":4},"end":{"line":89,"column":38}},"43":{"start":{"line":89,"column":31},"end":{"line":89,"column":38}},"44":{"start":{"line":91,"column":16},"end":{"line":94,"column":5}},"45":{"start":{"line":96,"column":17},"end":{"line":101,"column":5}},"46":{"start":{"line":104,"column":4},"end":{"line":106,"column":5}},"47":{"start":{"line":105,"column":6},"end":{"line":105,"column":35}},"48":{"start":{"line":108,"column":4},"end":{"line":108,"column":50}},"49":{"start":{"line":109,"column":4},"end":{"line":109,"column":32}},"50":{"start":{"line":111,"column":4},"end":{"line":111,"column":74}},"51":{"start":{"line":112,"column":4},"end":{"line":112,"column":70}},"52":{"start":{"line":114,"column":4},"end":{"line":114,"column":22}},"53":{"start":{"line":118,"column":4},"end":{"line":130,"column":5}},"54":{"start":{"line":119,"column":22},"end":{"line":119,"column":65}},"55":{"start":{"line":121,"column":6},"end":{"line":124,"column":9}},"56":{"start":{"line":126,"column":6},"end":{"line":126,"column":67}},"57":{"start":{"line":128,"column":6},"end":{"line":128,"column":70}},"58":{"start":{"line":129,"column":6},"end":{"line":129,"column":52}}},"fnMap":{"0":{"name":"(anonymous_0)","decl":{"start":{"line":8,"column":2},"end":{"line":8,"column":3}},"loc":{"start":{"line":8,"column":81},"end":{"line":21,"column":3}},"line":8},"1":{"name":"(anonymous_1)","decl":{"start":{"line":23,"column":2},"end":{"line":23,"column":3}},"loc":{"start":{"line":23,"column":13},"end":{"line":36,"column":3}},"line":23},"2":{"name":"(anonymous_2)","decl":{"start":{"line":38,"column":2},"end":{"line":38,"column":3}},"loc":{"start":{"line":38,"column":15},"end":{"line":54,"column":3}},"line":38},"3":{"name":"(anonymous_3)","decl":{"start":{"line":56,"column":2},"end":{"line":56,"column":3}},"loc":{"start":{"line":56,"column":21},"end":{"line":68,"column":3}},"line":56},"4":{"name":"(anonymous_4)","decl":{"start":{"line":70,"column":2},"end":{"line":70,"column":3}},"loc":{"start":{"line":70,"column":21},"end":{"line":86,"column":3}},"line":70},"5":{"name":"(anonymous_5)","decl":{"start":{"line":88,"column":2},"end":{"line":88,"column":3}},"loc":{"start":{"line":88,"column":19},"end":{"line":115,"column":3}},"line":88},"6":{"name":"(anonymous_6)","decl":{"start":{"line":117,"column":2},"end":{"line":117,"column":3}},"loc":{"start":{"line":117,"column":32},"end":{"line":131,"column":3}},"line":117}},"branchMap":{"0":{"loc":{"start":{"line":24,"column":4},"end":{"line":24,"column":30}},"type":"if","locations":[{"start":{"line":24,"column":4},"end":{"line":24,"column":30}},{"start":{},"end":{}}],"line":24},"1":{"loc":{"start":{"line":39,"column":4},"end":{"line":39,"column":31}},"type":"if","locations":[{"start":{"line":39,"column":4},"end":{"line":39,"column":31}},{"start":{},"end":{}}],"line":39},"2":{"loc":{"start":{"line":57,"column":4},"end":{"line":57,"column":64}},"type":"if","locations":[{"start":{"line":57,"column":4},"end":{"line":57,"column":64}},{"start":{},"end":{}}],"line":57},"3":{"loc":{"start":{"line":57,"column":8},"end":{"line":57,"column":55}},"type":"binary-expr","locations":[{"start":{"line":57,"column":8},"end":{"line":57,"column":22}},{"start":{"line":57,"column":26},"end":{"line":57,"column":55}}],"line":57},"4":{"loc":{"start":{"line":71,"column":4},"end":{"line":71,"column":38}},"type":"if","locations":[{"start":{"line":71,"column":4},"end":{"line":71,"column":38}},{"start":{},"end":{}}],"line":71},"5":{"loc":{"start":{"line":89,"column":4},"end":{"line":89,"column":38}},"type":"if","locations":[{"start":{"line":89,"column":4},"end":{"line":89,"column":38}},{"start":{},"end":{}}],"line":89},"6":{"loc":{"start":{"line":104,"column":4},"end":{"line":106,"column":5}},"type":"if","locations":[{"start":{"line":104,"column":4},"end":{"line":106,"column":5}},{"start":{},"end":{}}],"line":104},"7":{"loc":{"start":{"line":104,"column":8},"end":{"line":104,"column":43}},"type":"binary-expr","locations":[{"start":{"line":104,"column":8},"end":{"line":104,"column":23}},{"start":{"line":104,"column":27},"end":{"line":104,"column":43}}],"line":104}},"s":{"0":0,"1":0,"2":0,"3":0,"4":0,"5":0,"6":0,"7":0,"8":0,"9":0,"10":0,"11":0,"12":0,"13":0,"14":0,"15":0,"16":0,"17":0,"18":0,"19":0,"20":0,"21":0,"22":0,"23":0,"24":0,"25":0,"26":0,"27":0,"28":0,"29":0,"30":0,"31":0,"32":0,"33":0,"34":0,"35":0,"36":0,"37":0,"38":0,"39":0,"40":0,"41":0,"42":0,"43":0,"44":0,"45":0,"46":0,"47":0,"48":0,"49":0,"50":0,"51":0,"52":0,"53":0,"54":0,"55":0,"56":0,"57":0,"58":0},"f":{"0":0,"1":0,"2":0,"3":0,"4":0,"5":0,"6":0},"b":{"0":[0,0],"1":[0,0],"2":[0,0],"3":[0,0],"4":[0,0],"5":[0,0],"6":[0,0],"7":[0,0]},"inputSourceMap":null}
,"/Users/supergeorge/Desktop/project/lumi/extension/lib/ui/BubbleUI.js": {"path":"/Users/supergeorge/Desktop/project/lumi/extension/lib/ui/BubbleUI.js","statementMap":{"0":{"start":{"line":9,"column":4},"end":{"line":9,"column":29}},"1":{"start":{"line":10,"column":4},"end":{"line":10,"column":37}},"2":{"start":{"line":11,"column":4},"end":{"line":11,"column":26}},"3":{"start":{"line":12,"column":4},"end":{"line":12,"column":23}},"4":{"start":{"line":16,"column":4},"end":{"line":16,"column":31}},"5":{"start":{"line":16,"column":24},"end":{"line":16,"column":31}},"6":{"start":{"line":19,"column":4},"end":{"line":19,"column":51}},"7":{"start":{"line":20,"column":4},"end":{"line":20,"column":48}},"8":{"start":{"line":21,"column":4},"end":{"line":27,"column":6}},"9":{"start":{"line":30,"column":4},"end":{"line":30,"column":64}},"10":{"start":{"line":31,"column":4},"end":{"line":31,"column":43}},"11":{"start":{"line":33,"column":4},"end":{"line":33,"column":46}},"12":{"start":{"line":36,"column":4},"end":{"line":36,"column":26}},"13":{"start":{"line":40,"column":4},"end":{"line":124,"column":6}},"14":{"start":{"line":129,"column":21},"end":{"line":129,"column":60}},"15":{"start":{"line":130,"column":4},"end":{"line":132,"column":7}},"16":{"start":{"line":131,"column":6},"end":{"line":131,"column":41}},"17":{"start":{"line":135,"column":27},"end":{"line":135,"column":73}},"18":{"start":{"line":136,"column":30},"end":{"line":136,"column":79}},"19":{"start":{"line":138,"column":4},"end":{"line":140,"column":7}},"20":{"start":{"line":139,"column":6},"end":{"line":139,"column":48}},"21":{"start":{"line":142,"column":4},"end":{"line":144,"column":7}},"22":{"start":{"line":143,"column":6},"end":{"line":143,"column":51}},"23":{"start":{"line":147,"column":23},"end":{"line":147,"column":65}},"24":{"start":{"line":148,"column":20},"end":{"line":148,"column":58}},"25":{"start":{"line":150,"column":4},"end":{"line":153,"column":7}},"26":{"start":{"line":151,"column":6},"end":{"line":151,"column":42}},"27":{"start":{"line":152,"column":6},"end":{"line":152,"column":35}},"28":{"start":{"line":155,"column":4},"end":{"line":160,"column":7}},"29":{"start":{"line":156,"column":6},"end":{"line":159,"column":7}},"30":{"start":{"line":157,"column":8},"end":{"line":157,"column":27}},"31":{"start":{"line":158,"column":8},"end":{"line":158,"column":47}},"32":{"start":{"line":162,"column":4},"end":{"line":164,"column":7}},"33":{"start":{"line":163,"column":6},"end":{"line":163,"column":45}},"34":{"start":{"line":167,"column":27},"end":{"line":167,"column":72}},"35":{"start":{"line":168,"column":4},"end":{"line":171,"column":7}},"36":{"start":{"line":169,"column":6},"end":{"line":169,"column":26}},"37":{"start":{"line":170,"column":6},"end":{"line":170,"column":34}},"38":{"start":{"line":174,"column":4},"end":{"line":181,"column":7}},"39":{"start":{"line":175,"column":6},"end":{"line":180,"column":9}},"40":{"start":{"line":176,"column":8},"end":{"line":176,"column":28}},"41":{"start":{"line":177,"column":23},"end":{"line":177,"column":44}},"42":{"start":{"line":178,"column":8},"end":{"line":178,"column":52}},"43":{"start":{"line":179,"column":8},"end":{"line":179,"column":35}},"44":{"start":{"line":184,"column":4},"end":{"line":186,"column":7}},"45":{"start":{"line":185,"column":6},"end":{"line":185,"column":33}},"46":{"start":{"line":189,"column":24},"end":{"line":189,"column":66}},"47":{"start":{"line":190,"column":4},"end":{"line":192,"column":7}},"48":{"start":{"line":191,"column":6},"end":{"line":191,"column":24}},"49":{"start":{"line":195,"column":4},"end":{"line":195,"column":21}},"50":{"start":{"line":198,"column":4},"end":{"line":200,"column":7}},"51":{"start":{"line":199,"column":6},"end":{"line":199,"column":35}},"52":{"start":{"line":202,"column":4},"end":{"line":204,"column":7}},"53":{"start":{"line":203,"column":6},"end":{"line":203,"column":40}},"54":{"start":{"line":206,"column":4},"end":{"line":208,"column":7}},"55":{"start":{"line":207,"column":6},"end":{"line":207,"column":39}},"56":{"start":{"line":210,"column":4},"end":{"line":212,"column":7}},"57":{"start":{"line":211,"column":6},"end":{"line":211,"column":47}},"58":{"start":{"line":216,"column":23},"end":{"line":216,"column":64}},"59":{"start":{"line":217,"column":23},"end":{"line":217,"column":64}},"60":{"start":{"line":218,"column":21},"end":{"line":218,"column":26}},"61":{"start":{"line":221,"column":4},"end":{"line":238,"column":7}},"62":{"start":{"line":223,"column":6},"end":{"line":225,"column":7}},"63":{"start":{"line":224,"column":8},"end":{"line":224,"column":15}},"64":{"start":{"line":227,"column":6},"end":{"line":227,"column":24}},"65":{"start":{"line":228,"column":6},"end":{"line":228,"column":25}},"66":{"start":{"line":229,"column":6},"end":{"line":229,"column":25}},"67":{"start":{"line":231,"column":19},"end":{"line":231,"column":57}},"68":{"start":{"line":232,"column":6},"end":{"line":232,"column":30}},"69":{"start":{"line":233,"column":6},"end":{"line":233,"column":55}},"70":{"start":{"line":235,"column":6},"end":{"line":235,"column":43}},"71":{"start":{"line":237,"column":6},"end":{"line":237,"column":25}},"72":{"start":{"line":240,"column":4},"end":{"line":258,"column":7}},"73":{"start":{"line":241,"column":6},"end":{"line":241,"column":30}},"74":{"start":{"line":241,"column":23},"end":{"line":241,"column":30}},"75":{"start":{"line":243,"column":21},"end":{"line":243,"column":39}},"76":{"start":{"line":244,"column":21},"end":{"line":244,"column":39}},"77":{"start":{"line":246,"column":20},"end":{"line":246,"column":40}},"78":{"start":{"line":247,"column":22},"end":{"line":247,"column":44}},"79":{"start":{"line":250,"column":22},"end":{"line":250,"column":45}},"80":{"start":{"line":251,"column":24},"end":{"line":251,"column":48}},"81":{"start":{"line":253,"column":6},"end":{"line":253,"column":56}},"82":{"start":{"line":254,"column":6},"end":{"line":254,"column":62}},"83":{"start":{"line":256,"column":6},"end":{"line":256,"column":49}},"84":{"start":{"line":257,"column":6},"end":{"line":257,"column":53}},"85":{"start":{"line":260,"column":4},"end":{"line":265,"column":7}},"86":{"start":{"line":261,"column":6},"end":{"line":264,"column":7}},"87":{"start":{"line":262,"column":8},"end":{"line":262,"column":27}},"88":{"start":{"line":263,"column":8},"end":{"line":263,"column":48}},"89":{"start":{"line":269,"column":4},"end":{"line":272,"column":5}},"90":{"start":{"line":270,"column":6},"end":{"line":270,"column":45}},"91":{"start":{"line":271,"column":6},"end":{"line":271,"column":54}},"92":{"start":{"line":276,"column":4},"end":{"line":279,"column":5}},"93":{"start":{"line":277,"column":6},"end":{"line":277,"column":44}},"94":{"start":{"line":278,"column":6},"end":{"line":278,"column":55}},"95":{"start":{"line":283,"column":23},"end":{"line":283,"column":69}},"96":{"start":{"line":284,"column":26},"end":{"line":284,"column":75}},"97":{"start":{"line":286,"column":4},"end":{"line":286,"column":62}},"98":{"start":{"line":287,"column":4},"end":{"line":287,"column":68}},"99":{"start":{"line":291,"column":23},"end":{"line":291,"column":64}},"100":{"start":{"line":292,"column":4},"end":{"line":292,"column":69}},"101":{"start":{"line":294,"column":4},"end":{"line":296,"column":7}},"102":{"start":{"line":295,"column":6},"end":{"line":295,"column":70}},"103":{"start":{"line":300,"column":22},"end":{"line":300,"column":68}},"104":{"start":{"line":301,"column":4},"end":{"line":301,"column":52}},"105":{"start":{"line":305,"column":21},"end":{"line":305,"column":70}},"106":{"start":{"line":306,"column":22},"end":{"line":306,"column":72}},"107":{"start":{"line":308,"column":4},"end":{"line":308,"column":62}},"108":{"start":{"line":309,"column":4},"end":{"line":309,"column":64}},"109":{"start":{"line":313,"column":21},"end":{"line":313,"column":66}},"110":{"start":{"line":314,"column":21},"end":{"line":314,"column":66}},"111":{"start":{"line":316,"column":19},"end":{"line":316,"column":54}},"112":{"start":{"line":317,"column":4},"end":{"line":317,"column":47}},"113":{"start":{"line":318,"column":4},"end":{"line":318,"column":47}},"114":{"start":{"line":322,"column":21},"end":{"line":322,"column":66}},"115":{"start":{"line":323,"column":21},"end":{"line":323,"column":66}},"116":{"start":{"line":325,"column":4},"end":{"line":325,"column":38}},"117":{"start":{"line":326,"column":4},"end":{"line":326,"column":38}},"118":{"start":{"line":330,"column":27},"end":{"line":330,"column":72}},"119":{"start":{"line":331,"column":24},"end":{"line":331,"column":66}},"120":{"start":{"line":333,"column":4},"end":{"line":340,"column":5}},"121":{"start":{"line":334,"column":6},"end":{"line":334,"column":45}},"122":{"start":{"line":335,"column":6},"end":{"line":335,"column":37}},"123":{"start":{"line":336,"column":6},"end":{"line":336,"column":48}},"124":{"start":{"line":338,"column":6},"end":{"line":338,"column":48}},"125":{"start":{"line":339,"column":6},"end":{"line":339,"column":49}},"126":{"start":{"line":344,"column":26},"end":{"line":344,"column":70}},"127":{"start":{"line":345,"column":23},"end":{"line":345,"column":64}},"128":{"start":{"line":346,"column":23},"end":{"line":346,"column":64}},"129":{"start":{"line":348,"column":4},"end":{"line":348,"column":62}},"130":{"start":{"line":349,"column":4},"end":{"line":349,"column":60}},"131":{"start":{"line":350,"column":4},"end":{"line":350,"column":37}},"132":{"start":{"line":354,"column":26},"end":{"line":354,"column":70}},"133":{"start":{"line":355,"column":4},"end":{"line":355,"column":45}},"134":{"start":{"line":359,"column":18},"end":{"line":359,"column":60}},"135":{"start":{"line":360,"column":4},"end":{"line":360,"column":49}},"136":{"start":{"line":364,"column":18},"end":{"line":364,"column":60}},"137":{"start":{"line":365,"column":4},"end":{"line":368,"column":5}},"138":{"start":{"line":366,"column":6},"end":{"line":366,"column":29}},"139":{"start":{"line":367,"column":6},"end":{"line":367,"column":35}},"140":{"start":{"line":372,"column":20},"end":{"line":372,"column":58}},"141":{"start":{"line":373,"column":18},"end":{"line":373,"column":60}},"142":{"start":{"line":374,"column":21},"end":{"line":374,"column":64}},"143":{"start":{"line":375,"column":23},"end":{"line":375,"column":68}},"144":{"start":{"line":377,"column":23},"end":{"line":377,"column":56}},"145":{"start":{"line":378,"column":22},"end":{"line":378,"column":66}},"146":{"start":{"line":379,"column":25},"end":{"line":379,"column":67}},"147":{"start":{"line":381,"column":4},"end":{"line":381,"column":65}},"148":{"start":{"line":385,"column":4},"end":{"line":385,"column":23}},"149":{"start":{"line":389,"column":4},"end":{"line":393,"column":5}},"150":{"start":{"line":390,"column":6},"end":{"line":390,"column":30}},"151":{"start":{"line":391,"column":6},"end":{"line":391,"column":28}},"152":{"start":{"line":392,"column":6},"end":{"line":392,"column":25}}},"fnMap":{"0":{"name":"(anonymous_0)","decl":{"start":{"line":8,"column":2},"end":{"line":8,"column":3}},"loc":{"start":{"line":8,"column":38},"end":{"line":13,"column":3}},"line":8},"1":{"name":"(anonymous_1)","decl":{"start":{"line":15,"column":2},"end":{"line":15,"column":3}},"loc":{"start":{"line":15,"column":10},"end":{"line":37,"column":3}},"line":15},"2":{"name":"(anonymous_2)","decl":{"start":{"line":39,"column":2},"end":{"line":39,"column":3}},"loc":{"start":{"line":39,"column":12},"end":{"line":125,"column":3}},"line":39},"3":{"name":"(anonymous_3)","decl":{"start":{"line":127,"column":2},"end":{"line":127,"column":3}},"loc":{"start":{"line":127,"column":19},"end":{"line":213,"column":3}},"line":127},"4":{"name":"(anonymous_4)","decl":{"start":{"line":130,"column":39},"end":{"line":130,"column":40}},"loc":{"start":{"line":130,"column":45},"end":{"line":132,"column":5}},"line":130},"5":{"name":"(anonymous_5)","decl":{"start":{"line":138,"column":45},"end":{"line":138,"column":46}},"loc":{"start":{"line":138,"column":51},"end":{"line":140,"column":5}},"line":138},"6":{"name":"(anonymous_6)","decl":{"start":{"line":142,"column":48},"end":{"line":142,"column":49}},"loc":{"start":{"line":142,"column":54},"end":{"line":144,"column":5}},"line":142},"7":{"name":"(anonymous_7)","decl":{"start":{"line":150,"column":41},"end":{"line":150,"column":42}},"loc":{"start":{"line":150,"column":47},"end":{"line":153,"column":5}},"line":150},"8":{"name":"(anonymous_8)","decl":{"start":{"line":155,"column":43},"end":{"line":155,"column":44}},"loc":{"start":{"line":155,"column":50},"end":{"line":160,"column":5}},"line":155},"9":{"name":"(anonymous_9)","decl":{"start":{"line":162,"column":38},"end":{"line":162,"column":39}},"loc":{"start":{"line":162,"column":44},"end":{"line":164,"column":5}},"line":162},"10":{"name":"(anonymous_10)","decl":{"start":{"line":168,"column":45},"end":{"line":168,"column":46}},"loc":{"start":{"line":168,"column":52},"end":{"line":171,"column":5}},"line":168},"11":{"name":"(anonymous_11)","decl":{"start":{"line":174,"column":59},"end":{"line":174,"column":60}},"loc":{"start":{"line":174,"column":69},"end":{"line":181,"column":5}},"line":174},"12":{"name":"(anonymous_12)","decl":{"start":{"line":175,"column":39},"end":{"line":175,"column":40}},"loc":{"start":{"line":175,"column":46},"end":{"line":180,"column":7}},"line":175},"13":{"name":"(anonymous_13)","decl":{"start":{"line":184,"column":39},"end":{"line":184,"column":40}},"loc":{"start":{"line":184,"column":45},"end":{"line":186,"column":5}},"line":184},"14":{"name":"(anonymous_14)","decl":{"start":{"line":190,"column":42},"end":{"line":190,"column":43}},"loc":{"start":{"line":190,"column":48},"end":{"line":192,"column":5}},"line":190},"15":{"name":"(anonymous_15)","decl":{"start":{"line":198,"column":43},"end":{"line":198,"column":44}},"loc":{"start":{"line":198,"column":53},"end":{"line":200,"column":5}},"line":198},"16":{"name":"(anonymous_16)","decl":{"start":{"line":202,"column":50},"end":{"line":202,"column":51}},"loc":{"start":{"line":202,"column":62},"end":{"line":204,"column":5}},"line":202},"17":{"name":"(anonymous_17)","decl":{"start":{"line":206,"column":56},"end":{"line":206,"column":57}},"loc":{"start":{"line":206,"column":69},"end":{"line":208,"column":5}},"line":206},"18":{"name":"(anonymous_18)","decl":{"start":{"line":210,"column":52},"end":{"line":210,"column":53}},"loc":{"start":{"line":210,"column":67},"end":{"line":212,"column":5}},"line":210},"19":{"name":"(anonymous_19)","decl":{"start":{"line":215,"column":2},"end":{"line":215,"column":3}},"loc":{"start":{"line":215,"column":14},"end":{"line":266,"column":3}},"line":215},"20":{"name":"(anonymous_20)","decl":{"start":{"line":221,"column":45},"end":{"line":221,"column":46}},"loc":{"start":{"line":221,"column":52},"end":{"line":238,"column":5}},"line":221},"21":{"name":"(anonymous_21)","decl":{"start":{"line":240,"column":43},"end":{"line":240,"column":44}},"loc":{"start":{"line":240,"column":50},"end":{"line":258,"column":5}},"line":240},"22":{"name":"(anonymous_22)","decl":{"start":{"line":260,"column":41},"end":{"line":260,"column":42}},"loc":{"start":{"line":260,"column":47},"end":{"line":265,"column":5}},"line":260},"23":{"name":"(anonymous_23)","decl":{"start":{"line":268,"column":2},"end":{"line":268,"column":3}},"loc":{"start":{"line":268,"column":9},"end":{"line":273,"column":3}},"line":268},"24":{"name":"(anonymous_24)","decl":{"start":{"line":275,"column":2},"end":{"line":275,"column":3}},"loc":{"start":{"line":275,"column":9},"end":{"line":280,"column":3}},"line":275},"25":{"name":"(anonymous_25)","decl":{"start":{"line":282,"column":2},"end":{"line":282,"column":3}},"loc":{"start":{"line":282,"column":26},"end":{"line":288,"column":3}},"line":282},"26":{"name":"(anonymous_26)","decl":{"start":{"line":290,"column":2},"end":{"line":290,"column":3}},"loc":{"start":{"line":290,"column":31},"end":{"line":297,"column":3}},"line":290},"27":{"name":"(anonymous_27)","decl":{"start":{"line":294,"column":59},"end":{"line":294,"column":60}},"loc":{"start":{"line":294,"column":66},"end":{"line":296,"column":5}},"line":294},"28":{"name":"(anonymous_28)","decl":{"start":{"line":299,"column":2},"end":{"line":299,"column":3}},"loc":{"start":{"line":299,"column":30},"end":{"line":302,"column":3}},"line":299},"29":{"name":"(anonymous_29)","decl":{"start":{"line":304,"column":2},"end":{"line":304,"column":3}},"loc":{"start":{"line":304,"column":38},"end":{"line":310,"column":3}},"line":304},"30":{"name":"(anonymous_30)","decl":{"start":{"line":312,"column":2},"end":{"line":312,"column":3}},"loc":{"start":{"line":312,"column":25},"end":{"line":319,"column":3}},"line":312},"31":{"name":"(anonymous_31)","decl":{"start":{"line":321,"column":2},"end":{"line":321,"column":3}},"loc":{"start":{"line":321,"column":24},"end":{"line":327,"column":3}},"line":321},"32":{"name":"(anonymous_32)","decl":{"start":{"line":329,"column":2},"end":{"line":329,"column":3}},"loc":{"start":{"line":329,"column":48},"end":{"line":341,"column":3}},"line":329},"33":{"name":"(anonymous_33)","decl":{"start":{"line":343,"column":2},"end":{"line":343,"column":3}},"loc":{"start":{"line":343,"column":40},"end":{"line":351,"column":3}},"line":343},"34":{"name":"(anonymous_34)","decl":{"start":{"line":353,"column":2},"end":{"line":353,"column":3}},"loc":{"start":{"line":353,"column":15},"end":{"line":356,"column":3}},"line":353},"35":{"name":"(anonymous_35)","decl":{"start":{"line":358,"column":2},"end":{"line":358,"column":3}},"loc":{"start":{"line":358,"column":18},"end":{"line":361,"column":3}},"line":358},"36":{"name":"(anonymous_36)","decl":{"start":{"line":363,"column":2},"end":{"line":363,"column":3}},"loc":{"start":{"line":363,"column":15},"end":{"line":369,"column":3}},"line":363},"37":{"name":"(anonymous_37)","decl":{"start":{"line":371,"column":2},"end":{"line":371,"column":3}},"loc":{"start":{"line":371,"column":26},"end":{"line":382,"column":3}},"line":371},"38":{"name":"(anonymous_38)","decl":{"start":{"line":384,"column":2},"end":{"line":384,"column":3}},"loc":{"start":{"line":384,"column":18},"end":{"line":386,"column":3}},"line":384},"39":{"name":"(anonymous_39)","decl":{"start":{"line":388,"column":2},"end":{"line":388,"column":3}},"loc":{"start":{"line":388,"column":12},"end":{"line":394,"column":3}},"line":388}},"branchMap":{"0":{"loc":{"start":{"line":16,"column":4},"end":{"line":16,"column":31}},"type":"if","locations":[{"start":{"line":16,"column":4},"end":{"line":16,"column":31}},{"start":{},"end":{}}],"line":16},"1":{"loc":{"start":{"line":156,"column":6},"end":{"line":159,"column":7}},"type":"if","locations":[{"start":{"line":156,"column":6},"end":{"line":159,"column":7}},{"start":{},"end":{}}],"line":156},"2":{"loc":{"start":{"line":156,"column":10},"end":{"line":156,"column":55}},"type":"binary-expr","locations":[{"start":{"line":156,"column":11},"end":{"line":156,"column":20}},{"start":{"line":156,"column":24},"end":{"line":156,"column":33}},{"start":{"line":156,"column":38},"end":{"line":156,"column":55}}],"line":156},"3":{"loc":{"start":{"line":223,"column":6},"end":{"line":225,"column":7}},"type":"if","locations":[{"start":{"line":223,"column":6},"end":{"line":225,"column":7}},{"start":{},"end":{}}],"line":223},"4":{"loc":{"start":{"line":223,"column":10},"end":{"line":223,"column":79}},"type":"binary-expr","locations":[{"start":{"line":223,"column":10},"end":{"line":223,"column":39}},{"start":{"line":223,"column":43},"end":{"line":223,"column":79}}],"line":223},"5":{"loc":{"start":{"line":241,"column":6},"end":{"line":241,"column":30}},"type":"if","locations":[{"start":{"line":241,"column":6},"end":{"line":241,"column":30}},{"start":{},"end":{}}],"line":241},"6":{"loc":{"start":{"line":261,"column":6},"end":{"line":264,"column":7}},"type":"if","locations":[{"start":{"line":261,"column":6},"end":{"line":264,"column":7}},{"start":{},"end":{}}],"line":261},"7":{"loc":{"start":{"line":269,"column":4},"end":{"line":272,"column":5}},"type":"if","locations":[{"start":{"line":269,"column":4},"end":{"line":272,"column":5}},{"start":{},"end":{}}],"line":269},"8":{"loc":{"start":{"line":276,"column":4},"end":{"line":279,"column":5}},"type":"if","locations":[{"start":{"line":276,"column":4},"end":{"line":279,"column":5}},{"start":{},"end":{}}],"line":276},"9":{"loc":{"start":{"line":292,"column":29},"end":{"line":292,"column":68}},"type":"cond-expr","locations":[{"start":{"line":292,"column":50},"end":{"line":292,"column":57}},{"start":{"line":292,"column":60},"end":{"line":292,"column":68}}],"line":292},"10":{"loc":{"start":{"line":329,"column":24},"end":{"line":329,"column":46}},"type":"default-arg","locations":[{"start":{"line":329,"column":31},"end":{"line":329,"column":46}}],"line":3
[...]
ne":188,"column":51}},"101":{"start":{"line":189,"column":11},"end":{"line":191,"column":5}},"102":{"start":{"line":190,"column":6},"end":{"line":190,"column":61}},"103":{"start":{"line":195,"column":4},"end":{"line":198,"column":7}},"104":{"start":{"line":200,"column":18},"end":{"line":200,"column":64}},"105":{"start":{"line":201,"column":4},"end":{"line":203,"column":5}},"106":{"start":{"line":202,"column":6},"end":{"line":202,"column":29}},"107":{"start":{"line":205,"column":4},"end":{"line":205,"column":18}}},"fnMap":{"0":{"name":"(anonymous_0)","decl":{"start":{"line":9,"column":2},"end":{"line":9,"column":3}},"loc":{"start":{"line":9,"column":50},"end":{"line":14,"column":3}},"line":9},"1":{"name":"(anonymous_1)","decl":{"start":{"line":16,"column":2},"end":{"line":16,"column":3}},"loc":{"start":{"line":16,"column":10},"end":{"line":21,"column":3}},"line":16},"2":{"name":"(anonymous_2)","decl":{"start":{"line":23,"column":2},"end":{"line":23,"column":3}},"loc":{"start":{"line":23,"column":11},"end":{"line":55,"column":3}},"line":23},"3":{"name":"(anonymous_3)","decl":{"start":{"line":32,"column":21},"end":{"line":32,"column":22}},"loc":{"start":{"line":32,"column":38},"end":{"line":40,"column":5}},"line":32},"4":{"name":"(anonymous_4)","decl":{"start":{"line":57,"column":2},"end":{"line":57,"column":3}},"loc":{"start":{"line":57,"column":20},"end":{"line":90,"column":3}},"line":57},"5":{"name":"(anonymous_5)","decl":{"start":{"line":61,"column":59},"end":{"line":61,"column":60}},"loc":{"start":{"line":61,"column":66},"end":{"line":72,"column":5}},"line":61},"6":{"name":"(anonymous_6)","decl":{"start":{"line":62,"column":36},"end":{"line":62,"column":37}},"loc":{"start":{"line":62,"column":43},"end":{"line":71,"column":7}},"line":62},"7":{"name":"(anonymous_7)","decl":{"start":{"line":75,"column":58},"end":{"line":75,"column":59}},"loc":{"start":{"line":75,"column":67},"end":{"line":89,"column":5}},"line":75},"8":{"name":"(anonymous_8)","decl":{"start":{"line":76,"column":38},"end":{"line":76,"column":39}},"loc":{"start":{"line":76,"column":45},"end":{"line":88,"column":7}},"line":76},"9":{"name":"(anonymous_9)","decl":{"start":{"line":92,"column":2},"end":{"line":92,"column":3}},"loc":{"start":{"line":92,"column":32},"end":{"line":147,"column":3}},"line":92},"10":{"name":"(anonymous_10)","decl":{"start":{"line":118,"column":37},"end":{"line":118,"column":38}},"loc":{"start":{"line":118,"column":44},"end":{"line":122,"column":5}},"line":118},"11":{"name":"(anonymous_11)","decl":{"start":{"line":149,"column":2},"end":{"line":149,"column":3}},"loc":{"start":{"line":149,"column":23},"end":{"line":165,"column":3}},"line":149},"12":{"name":"(anonymous_12)","decl":{"start":{"line":157,"column":91},"end":{"line":157,"column":92}},"loc":{"start":{"line":157,"column":99},"end":{"line":160,"column":7}},"line":157},"13":{"name":"(anonymous_13)","decl":{"start":{"line":167,"column":2},"end":{"line":167,"column":3}},"loc":{"start":{"line":167,"column":21},"end":{"line":181,"column":3}},"line":167},"14":{"name":"(anonymous_14)","decl":{"start":{"line":173,"column":85},"end":{"line":173,"column":86}},"loc":{"start":{"line":173,"column":93},"end":{"line":176,"column":7}},"line":173},"15":{"name":"(anonymous_15)","decl":{"start":{"line":183,"column":2},"end":{"line":183,"column":3}},"loc":{"start":{"line":183,"column":36},"end":{"line":192,"column":3}},"line":183},"16":{"name":"(anonymous_16)","decl":{"start":{"line":194,"column":2},"end":{"line":194,"column":3}},"loc":{"start":{"line":194,"column":10},"end":{"line":206,"column":3}},"line":194}},"branchMap":{"0":{"loc":{"start":{"line":18,"column":4},"end":{"line":20,"column":5}},"type":"if","locations":[{"start":{"line":18,"column":4},"end":{"line":20,"column":5}},{"start":{},"end":{}}],"line":18},"1":{"loc":{"start":{"line":24,"column":4},"end":{"line":24,"column":32}},"type":"if","locations":[{"start":{"line":24,"column":4},"end":{"line":24,"column":32}},{"start":{},"end":{}}],"line":24},"2":{"loc":{"start":{"line":43,"column":4},"end":{"line":51,"column":5}},"type":"if","locations":[{"start":{"line":43,"column":4},"end":{"line":51,"column":5}},{"start":{},"end":{}}],"line":43},"3":{"loc":{"start":{"line":58,"column":4},"end":{"line":58,"column":32}},"type":"if","locations":[{"start":{"line":58,"column":4},"end":{"line":58,"column":32}},{"start":{},"end":{}}],"line":58},"4":{"loc":{"start":{"line":66,"column":8},"end":{"line":70,"column":9}},"type":"if","locations":[{"start":{"line":66,"column":8},"end":{"line":70,"column":9}},{"start":{"line":68,"column":15},"end":{"line":70,"column":9}}],"line":66},"5":{"loc":{"start":{"line":68,"column":15},"end":{"line":70,"column":9}},"type":"if","locations":[{"start":{"line":68,"column":15},"end":{"line":70,"column":9}},{"start":{},"end":{}}],"line":68},"6":{"loc":{"start":{"line":79,"column":8},"end":{"line":87,"column":9}},"type":"if","locations":[{"start":{"line":79,"column":8},"end":{"line":87,"column":9}},{"start":{"line":81,"column":15},"end":{"line":87,"column":9}}],"line":79},"7":{"loc":{"start":{"line":84,"column":10},"end":{"line":86,"column":11}},"type":"if","locations":[{"start":{"line":84,"column":10},"end":{"line":86,"column":11}},{"start":{},"end":{}}],"line":84},"8":{"loc":{"start":{"line":94,"column":4},"end":{"line":94,"column":23}},"type":"if","locations":[{"start":{"line":94,"column":4},"end":{"line":94,"column":23}},{"start":{},"end":{}}],"line":94},"9":{"loc":{"start":{"line":101,"column":4},"end":{"line":107,"column":5}},"type":"if","locations":[{"start":{"line":101,"column":4},"end":{"line":107,"column":5}},{"start":{"line":103,"column":11},"end":{"line":107,"column":5}}],"line":101},"10":{"loc":{"start":{"line":101,"column":8},"end":{"line":101,"column":85}},"type":"binary-expr","locations":[{"start":{"line":101,"column":8},"end":{"line":101,"column":17}},{"start":{"line":101,"column":21},"end":{"line":101,"column":45}},{"start":{"line":101,"column":49},"end":{"line":101,"column":85}}],"line":101},"11":{"loc":{"start":{"line":126,"column":4},"end":{"line":128,"column":5}},"type":"if","locations":[{"start":{"line":126,"column":4},"end":{"line":128,"column":5}},{"start":{},"end":{}}],"line":126},"12":{"loc":{"start":{"line":126,"column":8},"end":{"line":126,"column":91}},"type":"binary-expr","locations":[{"start":{"line":126,"column":8},"end":{"line":126,"column":43}},{"start":{"line":126,"column":47},"end":{"line":126,"column":91}}],"line":126},"13":{"loc":{"start":{"line":137,"column":4},"end":{"line":141,"column":5}},"type":"if","locations":[{"start":{"line":137,"column":4},"end":{"line":141,"column":5}},{"start":{},"end":{}}],"line":137},"14":{"loc":{"start":{"line":137,"column":8},"end":{"line":137,"column":63}},"type":"binary-expr","locations":[{"start":{"line":137,"column":8},"end":{"line":137,"column":29}},{"start":{"line":137,"column":33},"end":{"line":137,"column":63}}],"line":137},"15":{"loc":{"start":{"line":156,"column":4},"end":{"line":161,"column":5}},"type":"if","locations":[{"start":{"line":156,"column":4},"end":{"line":161,"column":5}},{"start":{},"end":{}}],"line":156},"16":{"loc":{"start":{"line":172,"column":4},"end":{"line":177,"column":5}},"type":"if","locations":[{"start":{"line":172,"column":4},"end":{"line":177,"column":5}},{"start":{},"end":{}}],"line":172},"17":{"loc":{"start":{"line":187,"column":4},"end":{"line":191,"column":5}},"type":"if","locations":[{"start":{"line":187,"column":4},"end":{"line":191,"column":5}},{"start":{"line":189,"column":11},"end":{"line":191,"column":5}}],"line":187},"18":{"loc":{"start":{"line":187,"column":8},"end":{"line":187,"column":71}},"type":"binary-expr","locations":[{"start":{"line":187,"column":8},"end":{"line":187,"column":12}},{"start":{"line":187,"column":16},"end":{"line":187,"column":35}},{"start":{"line":187,"column":39},"end":{"line":187,"column":71}}],"line":187},"19":{"loc":{"start":{"line":189,"column":11},"end":{"line":191,"column":5}},"type":"if","locations":[{"start":{"line":189,"column":11},"end":{"line":191,"column":5}},{"start":{},"end":{}}],"line":189},"20":{"loc":{"start":{"line":189,"column":15},"end":{"line":189,"column":74}},"type":"binary-expr","locations":[{"start":{"line":189,"column":15},"end":{"line":189,"column":19}},{"start":{"line":189,"column":23},"end":{"line":189,"column":42}},{"start":{"line":189,"column":46},"end":{"line":189,"column":74}}],"line":189},"21":{"loc":{"start":{"line":201,"column":4},"end":{"line":203,"column":5}},"type":"if","locations":[{"start":{"line":201,"column":4},"end":{"line":203,"column":5}},{"start":{},"end":{}}],"line":201}},"s":{"0":0,"1":0,"2":0,"3":0,"4":0,"5":0,"6":0,"7":0,"8":0,"9":0,"10":0,"11":0,"12":0,"13":0,"14":0,"15":0,"16":0,"17":0,"18":0,"19":0,"20":0,"21":0,"22":0,"23":0,"24":0,"25":0,"26":0,"27":0,"28":0,"29":0,"30":0,"31":0,"32":0,"33":0,"34":0,"35":0,"36":0,"37":0,"38":0,"39":0,"40":0,"41":0,"42":0,"43":0,"44":0,"45":0,"46":0,"47":0,"48":0,"49":0,"50":0,"51":0,"52":0,"53":0,"54":0,"55":0,"56":0,"57":0,"58":0,"59":0,"60":0,"61":0,"62":0,"63":0,"64":0,"65":0,"66":0,"67":0,"68":0,"69":0,"70":0,"71":0,"72":0,"73":0,"74":0,"75":0,"76":0,"77":0,"78":0,"79":0,"80":0,"81":0,"82":0,"83":0,"84":0,"85":0,"86":0,"87":0,"88":0,"89":0,"90":0,"91":0,"92":0,"93":0,"94":0,"95":0,"96":0,"97":0,"98":0,"99":0,"100":0,"101":0,"102":0,"103":0,"104":0,"105":0,"106":0,"107":0},"f":{"0":0,"1":0,"2":0,"3":0,"4":0,"5":0,"6":0,"7":0,"8":0,"9":0,"10":0,"11":0,"12":0,"13":0,"14":0,"15":0,"16":0},"b":{"0":[0,0],"1":[0,0],"2":[0,0],"3":[0,0],"4":[0,0],"5":[0,0],"6":[0,0],"7":[0,0],"8":[0,0],"9":[0,0],"10":[0,0,0],"11":[0,0],"12":[0,0],"13":[0,0],"14":[0,0],"15":[0,0],"16":[0,0],"17":[0,0],"18":[0,0,0],"19":[0,0],"20":[0,0,0],"21":[0,0]},"inputSourceMap":null}
,"/Users/supergeorge/Desktop/project/lumi/extension/lib/ui/TopBanner.js": {"path":"/Users/supergeorge/Desktop/project/lumi/extension/lib/ui/TopBanner.js","statementMap":{"0":{"start":{"line":7,"column":4},"end":{"line":7,"column":23}},"1":{"start":{"line":11,"column":4},"end":{"line":11,"column":28}},"2":{"start":{"line":11,"column":21},"end":{"line":11,"column":28}},"3":{"start":{"line":13,"column":4},"end":{"line":13,"column":48}},"4":{"start":{"line":14,"column":4},"end":{"line":14,"column":39}},"5":{"start":{"line":15,"column":4},"end":{"line":32,"column":6}},"6":{"start":{"line":34,"column":4},"end":{"line":34,"column":43}},"7":{"start":{"line":38,"column":4},"end":{"line":38,"column":35}},"8":{"start":{"line":38,"column":22},"end":{"line":38,"column":35}},"9":{"start":{"line":39,"column":4},"end":{"line":39,"column":38}},"10":{"start":{"line":40,"column":4},"end":{"line":40,"column":40}},"11":{"start":{"line":44,"column":4},"end":{"line":46,"column":5}},"12":{"start":{"line":45,"column":6},"end":{"line":45,"column":41}},"13":{"start":{"line":50,"column":4},"end":{"line":54,"column":5}},"14":{"start":{"line":51,"column":6},"end":{"line":51,"column":18}},"15":{"start":{"line":53,"column":6},"end":{"line":53,"column":25}},"16":{"start":{"line":58,"column":4},"end":{"line":61,"column":5}},"17":{"start":{"line":59,"column":6},"end":{"line":59,"column":27}},"18":{"start":{"line":60,"column":6},"end":{"line":60,"column":25}}},"fnMap":{"0":{"name":"(anonymous_0)","decl":{"start":{"line":6,"column":2},"end":{"line":6,"column":3}},"loc":{"start":{"line":6,"column":16},"end":{"line":8,"column":3}},"line":6},"1":{"name":"(anonymous_1)","decl":{"start":{"line":10,"column":2},"end":{"line":10,"column":3}},"loc":{"start":{"line":10,"column":10},"end":{"line":35,"column":3}},"line":10},"2":{"name":"(anonymous_2)","decl":{"start":{"line":37,"column":2},"end":{"line":37,"column":3}},"loc":{"start":{"line":37,"column":16},"end":{"line":41,"column":3}},"line":37},"3":{"name":"(anonymous_3)","decl":{"start":{"line":43,"column":2},"end":{"line":43,"column":3}},"loc":{"start":{"line":43,"column":9},"end":{"line":47,"column":3}},"line":43},"4":{"name":"(anonymous_4)","decl":{"start":{"line":49,"column":2},"end":{"line":49,"column":3}},"loc":{"start":{"line":49,"column":18},"end":{"line":55,"column":3}},"line":49},"5":{"name":"(anonymous_5)","decl":{"start":{"line":57,"column":2},"end":{"line":57,"column":3}},"loc":{"start":{"line":57,"column":12},"end":{"line":62,"column":3}},"line":57}},"branchMap":{"0":{"loc":{"start":{"line":11,"column":4},"end":{"line":11,"column":28}},"type":"if","locations":[{"start":{"line":11,"column":4},"end":{"line":11,"column":28}},{"start":{},"end":{}}],"line":11},"1":{"loc":{"start":{"line":38,"column":4},"end":{"line":38,"column":35}},"type":"if","locations":[{"start":{"line":38,"column":4},"end":{"line":38,"column":35}},{"start":{},"end":{}}],"line":38},"2":{"loc":{"start":{"line":44,"column":4},"end":{"line":46,"column":5}},"type":"if","locations":[{"start":{"line":44,"column":4},"end":{"line":46,"column":5}},{"start":{},"end":{}}],"line":44},"3":{"loc":{"start":{"line":50,"column":4},"end":{"line":54,"column":5}},"type":"if","locations":[{"start":{"line":50,"column":4},"end":{"line":54,"column":5}},{"start":{"line":52,"column":11},"end":{"line":54,"column":5}}],"line":50},"4":{"loc":{"start":{"line":58,"column":4},"end":{"line":61,"column":5}},"type":"if","locations":[{"start":{"line":58,"column":4},"end":{"line":61,"column":5}},{"start":{},"end":{}}],"line":58}},"s":{"0":7,"1":6,"2":0,"3":6,"4":6,"5":6,"6":6,"7":5,"8":4,"9":5,"10":5,"11":2,"12":2,"13":2,"14":1,"15":1,"16":9,"17":6,"18":6},"f":{"0":7,"1":6,"2":5,"3":2,"4":2,"5":9},"b":{"0":[0,6],"1":[4,1],"2":[2,0],"3":[1,1],"4":[6,3]},"inputSourceMap":null,"_coverageSchema":"1a1c01bbd47fc00a2c39e90264f33305004495a9","hash":"2affa398058f45923bfcdc788496dac9a9b3697a"}
,"/Users/supergeorge/Desktop/project/lumi/extension/lib/ui/styles.js": {"path":"/Users/supergeorge/Desktop/project/lumi/extension/lib/ui/styles.js","statementMap":{"0":{"start":{"line":6,"column":29},"end":{"line":534,"column":1}},"1":{"start":{"line":536,"column":29},"end":{"line":562,"column":1}}},"fnMap":{},"branchMap":{},"s":{"0":0,"1":0},"f":{},"b":{},"inputSourceMap":null}
,"/Users/supergeorge/Desktop/project/lumi/extension/lib/utils/dom.js": {"path":"/Users/supergeorge/Desktop/project/lumi/extension/lib/utils/dom.js","statementMap":{"0":{"start":{"line":9,"column":2},"end":{"line":9,"column":42}},"1":{"start":{"line":9,"column":18},"end":{"line":9,"column":42}},"2":{"start":{"line":10,"column":2},"end":{"line":13,"column":3}},"3":{"start":{"line":11,"column":20},"end":{"line":11,"column":75}},"4":{"start":{"line":11,"column":61},"end":{"line":11,"column":62}},"5":{"start":{"line":12,"column":4},"end":{"line":12,"column":67}},"6":{"start":{"line":14,"column":2},"end":{"line":14,"column":39}},"7":{"start":{"line":21,"column":2},"end":{"line":21,"column":33}},"8":{"start":{"line":21,"column":16},"end":{"line":21,"column":33}},"9":{"start":{"line":22,"column":2},"end":{"line":22,"column":42}},"10":{"start":{"line":22,"column":18},"end":{"line":22,"column":42}},"11":{"start":{"line":23,"column":21},"end":{"line":23,"column":76}},"12":{"start":{"line":24,"column":2},"end":{"line":24,"column":74}},"13":{"start":{"line":24,"column":18},"end":{"line":24,"column":74}},"14":{"start":{"line":25,"column":2},"end":{"line":25,"column":39}},"15":{"start":{"line":32,"column":19},"end":{"line":32,"column":51}},"16":{"start":{"line":33,"column":2},"end":{"line":45,"column":4}},"17":{"start":{"line":52,"column":2},"end":{"line":52,"column":28}},"18":{"start":{"line":52,"column":16},"end":{"line":52,"column":28}},"19":{"start":{"line":55,"column":2},"end":{"line":60,"column":3}},"20":{"start":{"line":59,"column":4},"end":{"line":59,"column":16}},"21":{"start":{"line":62,"column":14},"end":{"line":62,"column":62}},"22":{"start":{"line":63,"column":2},"end":{"line":63,"column":52}},"23":{"start":{"line":63,"column":40},"end":{"line":63,"column":52}},"24":{"start":{"line":65,"column":2},"end":{"line":65,"column":15}}},"fnMap":{"0":{"name":"getElementSelector","decl":{"start":{"line":8,"column":16},"end":{"line":8,"column":34}},"loc":{"start":{"line":8,"column":44},"end":{"line":15,"column":1}},"line":8},"1":{"name":"(anonymous_1)","decl":{"start":{"line":11,"column":56},"end":{"line":11,"column":57}},"loc":{"start":{"line":11,"column":61},"end":{"line":11,"column":62}},"line":11},"2":{"name":"readableElementName","decl":{"start":{"line":20,"column":16},"end":{"line":20,"column":35}},"loc":{"start":{"line":20,"column":45},"end":{"line":26,"column":1}},"line":20},"3":{"name":"getComputedStyleSummary","decl":{"start":{"line":31,"column":16},"end":{"line":31,"column":39}},"loc":{"start":{"line":31,"column":49},"end":{"line":46,"column":1}},"line":31},"4":{"name":"shouldIgnoreElement","decl":{"start":{"line":51,"column":16},"end":{"line":51,"column":35}},"loc":{"start":{"line":51,"column":45},"end":{"line":66,"column":1}},"line":51}},"branchMap":{"0":{"loc":{"start":{"line":9,"column":2},"end":{"line":9,"column":42}},"type":"if","locations":[{"start":{"line":9,"column":2},"end":{"line":9,"column":42}},{"start":{},"end":{}}],"line":9},"1":{"loc":{"start":{"line":10,"column":2},"end":{"line":13,"column":3}},"type":"if","locations":[{"start":{"line":10,"column":2},"end":{"line":13,"column":3}},{"start":{},"end":{}}],"line":10},"2":{"loc":{"start":{"line":21,"column":2},"end":{"line":21,"column":33}},"type":"if","locations":[{"start":{"line":21,"column":2},"end":{"line":21,"column":33}},{"start":{},"end":{}}],"line":21},"3":{"loc":{"start":{"line":22,"column":2},"end":{"line":22,"column":42}},"type":"if","locations":[{"start":{"line":22,"column":2},"end":{"line":22,"column":42}},{"start":{},"end":{}}],"line":22},"4":{"loc":{"start":{"line":23,"column":22},"end":{"line":23,"column":45}},"type":"binary-expr","locations":[{"start":{"line":23,"column":22},"end":{"line":23,"column":39}},{"start":{"line":23,"column":43},"end":{"line":23,"column":45}}],"line":23},"5":{"loc":{"start":{"line":24,"column":2},"end":{"line":24,"column":74}},"type":"if","locations":[{"start":{"line":24,"column":2},"end":{"line":24,"column":74}},{"start":{},"end":{}}],"line":24},"6":{"loc":{"start":{"line":52,"column":2},"end":{"line":52,"column":28}},"type":"if","locations":[{"start":{"line":52,"column":2},"end":{"line":52,"column":28}},{"start":{},"end":{}}],"line":52},"7":{"loc":{"start":{"line":55,"column":2},"end":{"line":60,"column":3}},"type":"if","locations":[{"start":{"line":55,"column":2},"end":{"line":60,"column":3}},{"start":{},"end":{}}],"line":55},"8":{"loc":{"start":{"line":55,"column":6},"end":{"line":58,"column":60}},"type":"binary-expr","locations":[{"start":{"line":55,"column":6},"end":{"line":55,"column":47}},{"start":{"line":56,"column":6},"end":{"line":56,"column":41}},{"start":{"line":57,"column":6},"end":{"line":57,"column":51}},{"start":{"line":58,"column":6},"end":{"line":58,"column":60}}],"line":55},"9":{"loc":{"start":{"line":62,"column":14},"end":{"line":62,"column":62}},"type":"binary-expr","locations":[{"start":{"line":62,"column":14},"end":{"line":62,"column":29}},{"start":{"line":62,"column":33},"end":{"line":62,"column":62}}],"line":62},"10":{"loc":{"start":{"line":63,"column":2},"end":{"line":63,"column":52}},"type":"if","locations":[{"start":{"line":63,"column":2},"end":{"line":63,"column":52}},{"start":{},"end":{}}],"line":63},"11":{"loc":{"start":{"line":63,"column":6},"end":{"line":63,"column":38}},"type":"binary-expr","locations":[{"start":{"line":63,"column":6},"end":{"line":63,"column":20}},{"start":{"line":63,"column":24},"end":{"line":63,"column":38}}],"line":63}},"s":{"0":3,"1":1,"2":2,"3":1,"4":3,"5":1,"6":1,"7":5,"8":2,"9":3,"10":1,"11":2,"12":2,"13":1,"14":1,"15":0,"16":0,"17":6,"18":2,"19":4,"20":1,"21":3,"22":3,"23":2,"24":1},"f":{"0":3,"1":3,"2":5,"3":0,"4":6},"b":{"0":[1,2],"1":[1,1],"2":[2,3],"3":[1,2],"4":[2,1],"5":[1,1],"6":[2,4],"7":[1,3],"8":[4,3,3,3],"9":[3,3],"10":[2,1],"11":[3,2]},"inputSourceMap":null,"_coverageSchema":"1a1c01bbd47fc00a2c39e90264f33305004495a9","hash":"ea6f90b85a9c56ba2297b6a486250bdbc6168ae2"}
}
