TN:
SF:lib/communication/ChromeBridge.js
FN:7,(anonymous_0)
FN:14,(anonymous_1)
FN:31,(anonymous_2)
FN:32,(anonymous_3)
FN:33,(anonymous_4)
FN:46,(anonymous_5)
FN:47,(anonymous_6)
FN:48,(anonymous_7)
FN:60,(anonymous_8)
FN:61,(anonymous_9)
FN:65,(anonymous_10)
FN:78,(anonymous_11)
FN:79,(anonymous_12)
FN:80,(anonymous_13)
FN:89,(anonymous_14)
FN:90,(anonymous_15)
FN:91,(anonymous_16)
FN:100,(anonymous_17)
FN:101,(anonymous_18)
FNF:19
FNH:0
FNDA:0,(anonymous_0)
FNDA:0,(anonymous_1)
FNDA:0,(anonymous_2)
FNDA:0,(anonymous_3)
FNDA:0,(anonymous_4)
FNDA:0,(anonymous_5)
FNDA:0,(anonymous_6)
FNDA:0,(anonymous_7)
FNDA:0,(anonymous_8)
FNDA:0,(anonymous_9)
FNDA:0,(anonymous_10)
FNDA:0,(anonymous_11)
FNDA:0,(anonymous_12)
FNDA:0,(anonymous_13)
FNDA:0,(anonymous_14)
FNDA:0,(anonymous_15)
FNDA:0,(anonymous_16)
FNDA:0,(anonymous_17)
FNDA:0,(anonymous_18)
DA:8,0
DA:15,0
DA:16,0
DA:17,0
DA:18,0
DA:19,0
DA:21,0
DA:23,0
DA:24,0
DA:32,0
DA:33,0
DA:34,0
DA:35,0
DA:37,0
DA:47,0
DA:48,0
DA:49,0
DA:61,0
DA:62,0
DA:66,0
DA:67,0
DA:69,0
DA:79,0
DA:80,0
DA:81,0
DA:90,0
DA:91,0
DA:92,0
DA:101,0
DA:102,0
DA:103,0
LF:31
LH:0
BRDA:16,0,0,0
BRDA:16,0,1,0
BRDA:16,1,0,0
BRDA:16,1,1,0
BRDA:16,1,2,0
BRDA:18,2,0,0
BRDA:18,2,1,0
BRDA:24,3,0,0
BRDA:24,3,1,0
BRDA:34,4,0,0
BRDA:34,4,1,0
BRDA:34,5,0,0
BRDA:34,5,1,0
BRDA:37,6,0,0
BRDA:37,6,1,0
BRDA:50,7,0,0
BRDA:50,7,1,0
BRDA:51,8,0,0
BRDA:51,8,1,0
BRDA:60,9,0,0
BRDA:66,10,0,0
BRDA:66,10,1,0
BRDA:66,11,0,0
BRDA:66,11,1,0
BRF:24
BRH:0
end_of_record
TN:
SF:lib/communication/ServerClient.js
FN:8,(anonymous_0)
FN:12,(anonymous_1)
FN:29,(anonymous_2)
FNF:3
FNH:0
FNDA:0,(anonymous_0)
FNDA:0,(anonymous_1)
FNDA:0,(anonymous_2)
DA:9,0
DA:13,0
DA:15,0
DA:16,0
DA:22,0
DA:24,0
DA:25,0
DA:30,0
DA:38,0
DA:39,0
DA:47,0
DA:51,0
DA:52,0
DA:55,0
LF:14
LH:0
BRDA:34,0,0,0
BRDA:34,0,1,0
BRDA:38,1,0,0
BRDA:38,1,1,0
BRDA:51,2,0,0
BRDA:51,2,1,0
BRF:6
BRH:0
end_of_record
TN:
SF:lib/core/EventBus.js
FN:7,(anonymous_0)
FN:17,(anonymous_1)
FN:25,(anonymous_2)
FN:33,(anonymous_3)
FN:34,(anonymous_4)
FN:47,(anonymous_5)
FN:68,(anonymous_6)
FN:74,(anonymous_7)
FN:87,(anonymous_8)
FN:100,(anonymous_9)
FNF:10
FNH:10
FNDA:28,(anonymous_0)
FNDA:20,(anonymous_1)
FNDA:1,(anonymous_2)
FNDA:1,(anonymous_3)
FNDA:1,(anonymous_4)
FNDA:4,(anonymous_5)
FNDA:34,(anonymous_6)
FNDA:12,(anonymous_7)
FNDA:2,(anonymous_8)
FNDA:4,(anonymous_9)
DA:8,28
DA:18,20
DA:19,16
DA:22,20
DA:25,20
DA:34,1
DA:35,1
DA:36,1
DA:39,1
DA:48,4
DA:50,4
DA:51,4
DA:53,4
DA:54,4
DA:58,4
DA:59,3
DA:69,34
DA:71,10
DA:74,10
DA:75,12
DA:76,12
DA:78,1
DA:88,2
DA:89,1
DA:91,1
DA:101,4
LF:26
LH:26
BRDA:18,0,0,16
BRDA:18,0,1,4
BRDA:48,1,0,0
BRDA:48,1,1,4
BRDA:53,2,0,4
BRDA:53,2,1,0
BRDA:58,3,0,3
BRDA:58,3,1,1
BRDA:69,4,0,24
BRDA:69,4,1,10
BRDA:88,5,0,1
BRDA:88,5,1,1
BRDA:101,6,0,2
BRDA:101,6,1,2
BRF:14
BRH:12
end_of_record
TN:
SF:lib/core/StateManager.js
FN:7,(anonymous_0)
FN:48,(anonymous_1)
FN:60,(anonymous_2)
FN:77,(anonymous_3)
FN:78,(anonymous_4)
FN:92,(anonymous_5)
FN:100,(anonymous_6)
FN:115,(anonymous_7)
FN:122,(anonymous_8)
FN:158,(anonymous_9)
FN:159,(anonymous_10)
FN:164,(anonymous_11)
FN:168,(anonymous_12)
FN:178,(anonymous_13)
FN:181,(anonymous_14)
FNF:15
FNH:15
FNDA:17,(anonymous_0)
FNDA:28,(anonymous_1)
FNDA:16,(anonymous_2)
FNDA:2,(anonymous_3)
FNDA:5,(anonymous_4)
FNDA:7,(anonymous_5)
FNDA:1,(anonymous_6)
FNDA:3,(anonymous_7)
FNDA:2,(anonymous_8)
FNDA:27,(anonymous_9)
FNDA:54,(anonymous_10)
FNDA:15,(anonymous_11)
FNDA:15,(anonymous_12)
FNDA:9,(anonymous_13)
FNDA:4,(anonymous_14)
DA:8,17
DA:11,17
DA:40,17
DA:49,28
DA:51,27
DA:61,16
DA:64,16
DA:66,15
DA:68,15
DA:69,9
DA:78,2
DA:79,5
DA:83,2
DA:93,7
DA:94,6
DA:97,7
DA:100,7
DA:101,1
DA:102,1
DA:103,1
DA:104,1
DA:105,1
DA:116,3
DA:123,2
DA:125,2
DA:153,2
DA:159,27
DA:160,54
DA:165,15
DA:166,15
DA:168,15
DA:169,15
DA:170,0
DA:172,15
DA:175,15
DA:180,9
DA:181,4
DA:182,4
DA:183,4
DA:185,0
DA:191,9
DA:194,9
LF:42
LH:40
BRDA:49,0,0,1
BRDA:49,0,1,27
BRDA:60,1,0,10
BRDA:64,2,0,1
BRDA:64,2,1,15
BRDA:68,3,0,9
BRDA:68,3,1,6
BRDA:93,4,0,6
BRDA:93,4,1,1
BRDA:102,5,0,1
BRDA:102,5,1,0
BRDA:104,6,0,1
BRDA:104,6,1,0
BRDA:169,7,0,0
BRDA:169,7,1,15
BRDA:180,8,0,4
BRDA:180,8,1,5
BRF:17
BRH:14
end_of_record
TN:
SF:lib/engine/EngineManager.js
FN:7,(anonymous_0)
FN:13,(anonymous_1)
FN:27,(anonymous_2)
FN:43,(anonymous_3)
FN:61,(anonymous_4)
FN:65,(anonymous_5)
FN:69,(anonymous_6)
FNF:7
FNH:0
FNDA:0,(anonymous_0)
FNDA:0,(anonymous_1)
FNDA:0,(anonymous_2)
FNDA:0,(anonymous_3)
FNDA:0,(anonymous_4)
FNDA:0,(anonymous_5)
FNDA:0,(anonymous_6)
DA:8,0
DA:9,0
DA:10,0
DA:15,0
DA:17,0
DA:18,0
DA:19,0
DA:21,0
DA:24,0
DA:28,0
DA:29,0
DA:30,0
DA:33,0
DA:36,0
DA:37,0
DA:40,0
DA:46,0
DA:48,0
DA:50,0
DA:53,0
DA:58,0
DA:62,0
DA:66,0
DA:70,0
DA:71,0
LF:25
LH:0
BRDA:17,0,0,0
BRDA:17,0,1,0
BRDA:17,1,0,0
BRDA:17,1,1,0
BRDA:17,1,2,0
BRDA:27,2,0,0
BRDA:28,3,0,0
BRDA:28,3,1,0
BRDA:28,4,0,0
BRDA:28,4,1,0
BRDA:36,5,0,0
BRDA:36,5,1,0
BRDA:48,6,0,0
BRDA:48,6,1,0
BRF:14
BRH:0
end_of_record
TN:
SF:lib/engine/HealthChecker.js
FN:7,(anonymous_0)
FN:16,(anonymous_1)
FN:25,(anonymous_2)
FN:32,(anonymous_3)
FN:45,(anonymous_4)
FNF:5
FNH:0
FNDA:0,(anonymous_0)
FNDA:0,(anonymous_1)
FNDA:0,(anonymous_2)
FNDA:0,(anonymous_3)
FNDA:0,(anonymous_4)
DA:8,0
DA:9,0
DA:10,0
DA:11,0
DA:12,0
DA:13,0
DA:17,0
DA:19,0
DA:22,0
DA:25,0
DA:26,0
DA:29,0
DA:33,0
DA:35,0
DA:37,0
DA:38,0
DA:39,0
DA:42,0
DA:46,0
DA:47,0
DA:49,0
DA:51,0
DA:52,0
DA:53,0
DA:54,0
DA:58,0
DA:59,0
DA:61,0
DA:64,0
DA:67,0
DA:72,0
DA:73,0
DA:74,0
DA:76,0
LF:34
LH:0
BRDA:16,0,0,0
BRDA:17,1,0,0
BRDA:17,1,1,0
BRDA:33,2,0,0
BRDA:33,2,1,0
BRDA:37,3,0,0
BRDA:37,3,1,0
BRDA:51,4,0,0
BRDA:51,4,1,0
BRDA:51,5,0,0
BRDA:51,5,1,0
BRDA:53,6,0,0
BRDA:53,6,1,0
BRDA:54,7,0,0
BRDA:54,7,1,0
BRDA:59,8,0,0
BRDA:59,8,1,0
BRF:17
BRH:0
end_of_record
TN:
SF:lib/selection/ElementSelector.js
FN:8,(anonymous_0)
FN:20,(anonymous_1)
FN:36,(anonymous_2)
FN:53,(anonymous_3)
FN:63,(anonymous_4)
FN:73,(anonymous_5)
FN:77,(anonymous_6)
FN:102,(anonymous_7)
FNF:8
FNH:0
FNDA:0,(anonymous_0)
FNDA:0,(anonymous_1)
FNDA:0,(anonymous_2)
FNDA:0,(anonymous_3)
FNDA:0,(anonymous_4)
FNDA:0,(anonymous_5)
FNDA:0,(anonymous_6)
FNDA:0,(anonymous_7)
DA:9,0
DA:10,0
DA:11,0
DA:12,0
DA:13,0
DA:16,0
DA:17,0
DA:21,0
DA:23,0
DA:24,0
DA:26,0
DA:28,0
DA:29,0
DA:30,0
DA:31,0
DA:33,0
DA:37,0
DA:39,0
DA:40,0
DA:42,0
DA:43,0
DA:45,0
DA:46,0
DA:47,0
DA:48,0
DA:50,0
DA:54,0
DA:56,0
DA:57,0
DA:58,0
DA:59,0
DA:64,0
DA:66,0
DA:67,0
DA:69,0
DA:70,0
DA:74,0
DA:77,0
DA:78,0
DA:80,0
DA:81,0
DA:83,0
DA:95,0
DA:96,0
DA:98,0
DA:99,0
DA:103,0
DA:104,0
DA:105,0
LF:49
LH:0
BRDA:21,0,0,0
BRDA:21,0,1,0
BRDA:37,1,0,0
BRDA:37,1,1,0
BRDA:54,2,0,0
BRDA:54,2,1,0
BRDA:54,3,0,0
BRDA:54,3,1,0
BRDA:57,4,0,0
BRDA:57,4,1,0
BRDA:64,5,0,0
BRDA:64,5,1,0
BRDA:64,6,0,0
BRDA:64,6,1,0
BRDA:78,7,0,0
BRDA:78,7,1,0
BRF:16
BRH:0
end_of_record
TN:
SF:lib/selection/HighlightManager.js
FN:6,(anonymous_0)
FN:15,(anonymous_1)
FN:42,(anonymous_2)
FN:52,(anonymous_3)
FN:97,(anonymous_4)
FN:107,(anonymous_5)
FN:108,(anonymous_6)
FN:115,(anonymous_7)
FN:139,(anonymous_8)
FN:154,(anonymous_9)
FN:164,(anonymous_10)
FNF:11
FNH:0
FNDA:0,(anonymous_0)
FNDA:0,(anonymous_1)
FNDA:0,(anonymous_2)
FNDA:0,(anonymous_3)
FNDA:0,(anonymous_4)
FNDA:0,(anonymous_5)
FNDA:0,(anonymous_6)
FNDA:0,(anonymous_7)
FNDA:0,(anonymous_8)
FNDA:0,(anonymous_9)
FNDA:0,(anonymous_10)
DA:7,0
DA:8,0
DA:9,0
DA:16,0
DA:18,0
DA:19,0
DA:20,0
DA:21,0
DA:35,0
DA:36,0
DA:43,0
DA:44,0
DA:45,0
DA:53,0
DA:54,0
DA:55,0
DA:56,0
DA:71,0
DA:72,0
DA:85,0
DA:86,0
DA:88,0
DA:89,0
DA:91,0
DA:98,0
DA:99,0
DA:100,0
DA:108,0
DA:109,0
DA:116,0
DA:118,0
DA:119,0
DA:120,0
DA:132,0
DA:133,0
DA:140,0
DA:141,0
DA:142,0
DA:145,0
DA:146,0
DA:147,0
DA:148,0
DA:155,0
DA:156,0
DA:157,0
DA:165,0
DA:166,0
DA:167,0
LF:48
LH:0
BRDA:43,0,0,0
BRDA:43,0,1,0
BRDA:85,1,0,0
BRDA:85,1,1,0
BRDA:98,2,0,0
BRDA:98,2,1,0
BRDA:140,3,0,0
BRDA:140,3,1,0
BRDA:155,4,0,0
BRDA:155,4,1,0
BRF:10
BRH:0
end_of_record
TN:
SF:lib/selection/ScreenshotSelector.js
FN:8,(anonymous_0)
FN:23,(anonymous_1)
FN:38,(anonymous_2)
FN:56,(anonymous_3)
FN:70,(anonymous_4)
FN:88,(anonymous_5)
FN:117,(anonymous_6)
FNF:7
FNH:0
FNDA:0,(anonymous_0)
FNDA:0,(anonymous_1)
FNDA:0,(anonymous_2)
FNDA:0,(anonymous_3)
FNDA:0,(anonymous_4)
FNDA:0,(anonymous_5)
FNDA:0,(anonymous_6)
DA:9,0
DA:10,0
DA:11,0
DA:12,0
DA:13,0
DA:14,0
DA:15,0
DA:18,0
DA:19,0
DA:20,0
DA:24,0
DA:26,0
DA:27,0
DA:29,0
DA:31,0
DA:32,0
DA:33,0
DA:35,0
DA:39,0
DA:41,0
DA:42,0
DA:44,0
DA:45,0
DA:47,0
DA:48,0
DA:49,0
DA:50,0
DA:51,0
DA:53,0
DA:57,0
DA:59,0
DA:61,0
DA:66,0
DA:67,0
DA:71,0
DA:73,0
DA:78,0
DA:85,0
DA:89,0
DA:91,0
DA:96,0
DA:104,0
DA:105,0
DA:108,0
DA:109,0
DA:111,0
DA:112,0
DA:114,0
DA:118,0
DA:119,0
DA:121,0
DA:126,0
DA:128,0
DA:129,0
LF:54
LH:0
BRDA:24,0,0,0
BRDA:24,0,1,0
BRDA:39,1,0,0
BRDA:39,1,1,0
BRDA:57,2,0,0
BRDA:57,2,1,0
BRDA:57,3,0,0
BRDA:57,3,1,0
BRDA:71,4,0,0
BRDA:71,4,1,0
BRDA:89,5,0,0
BRDA:89,5,1,0
BRDA:104,6,0,0
BRDA:104,6,1,0
BRDA:104,7,0,0
BRDA:104,7,1,0
BRF:16
BRH:0
end_of_record
TN:
SF:lib/ui/BubbleUI.js
FN:8,(anonymous_0)
FN:15,(anonymous_1)
FN:39,(anonymous_2)
FN:127,(anonymous_3)
FN:130,(anonymous_4)
FN:138,(anonymous_5)
FN:142,(anonymous_6)
FN:150,(anonymous_7)
FN:155,(anonymous_8)
FN:162,(anonymous_9)
FN:168,(anonymous_10)
FN:174,(anonymous_11)
FN:175,(anonymous_12)
FN:184,(anonymous_13)
FN:190,(anonymous_14)
FN:198,(anonymous_15)
FN:202,(anonymous_16)
FN:206,(anonymous_17)
FN:210,(anonymous_18)
FN:215,(anonymous_19)
FN:221,(anonymous_20)
FN:240,(anonymous_21)
FN:260,(anonymous_22)
FN:268,(anonymous_23)
FN:275,(anonymous_24)
FN:282,(anonymous_25)
FN:290,(anonymous_26)
FN:294,(anonymous_27)
FN:299,(anonymous_28)
FN:304,(anonymous_29)
FN:312,(anonymous_30)
FN:321,(anonymous_31)
FN:329,(anonymous_32)
FN:343,(anonymous_33)
FN:353,(anonymous_34)
FN:358,(anonymous_35)
FN:363,(anonymous_36)
FN:371,(anonymous_37)
FN:384,(anonymous_38)
FN:388,(anonymous_39)
FNF:40
FNH:0
FNDA:0,(anonymous_0)
FNDA:0,(anonymous_1)
FNDA:0,(anonymous_2)
FNDA:0,(anonymous_3)
FNDA:0,(anonymous_4)
FNDA:0,(anonymous_5)
FNDA:0,(anonymous_6)
FNDA:0,(anonymous_7)
FNDA:0,(anonymous_8)
FNDA:0,(anonymous_9)
FNDA:0,(anonymous_10)
FNDA:0,(anonymous_11)
FNDA:0,(anonymous_12)
FNDA:0,(anonymous_13)
FNDA:0,(anonymous_14)
FNDA:0,(anonymous_15)
FNDA:0,(anonymous_16)
FNDA:0,(anonymous_17)
FNDA:0,(anonymous_18)
FNDA:0,(anonymous_19)
FNDA:0,(anonymous_20)
FNDA:0,(anonymous_21)
FNDA:0,(anonymous_22)
FNDA:0,(anonymous_23)
FNDA:0,(anonymous_24)
FNDA:0,(anonymous_25)
FNDA:0,(anonymous_26)
FNDA:0,(anonymous_27)
FNDA:0,(anonymous_28)
FNDA:0,(anonymous_29)
FNDA:0,(anonymous_30)
FNDA:0,(anonymous_31)
FNDA:0,(anonymous_32)
FNDA:0,(anonymous_33)
FNDA:0,(anonymous_34)
FNDA:0,(anonymous_35)
FNDA:0,(anonymous_36)
FNDA:0,(anonymous_37)
FNDA:0,(anonymous_38)
FNDA:0,(anonymous_39)
DA:9,0
DA:10,0
DA:11,0
DA:12,0
DA:16,0
DA:19,0
DA:20,0
DA:21,0
DA:30,0
DA:31,0
DA:33,0
DA:36,0
DA:40,0
DA:129,0
DA:130,0
DA:131,0
DA:135,0
DA:136,0
DA:138,0
DA:139,0
DA:142,0
DA:143,0
DA:147,0
DA:148,0
DA:150,0
DA:151,0
DA:152,0
DA:155,0
DA:156,0
DA:157,0
DA:158,0
DA:162,0
DA:163,0
DA:167,0
DA:168,0
DA:169,0
DA:170,0
DA:174,0
DA:175,0
DA:176,0
DA:177,0
DA:178,0
DA:179,0
DA:184,0
DA:185,0
DA:189,0
DA:190,0
DA:191,0
DA:195,0
DA:198,0
DA:199,0
DA:202,0
DA:203,0
DA:206,0
DA:207,0
DA:210,0
DA:211,0
DA:216,0
DA:217,0
DA:218,0
DA:221,0
DA:223,0
DA:224,0
DA:227,0
DA:228,0
DA:229,0
DA:231,0
DA:232,0
DA:233,0
DA:235,0
DA:237,0
DA:240,0
DA:241,0
DA:243,0
DA:244,0
DA:246,0
DA:247,0
DA:250,0
DA:251,0
DA:253,0
DA:254,0
DA:256,0
DA:257,0
DA:260,0
DA:261,0
DA:262,0
DA:263,0
DA:269,0
DA:270,0
DA:271,0
DA:276,0
DA:277,0
DA:278,0
DA:283,0
DA:284,0
DA:286,0
DA:287,0
DA:291,0
DA:292,0
DA:294,0
DA:295,0
DA:300,0
DA:301,0
DA:305,0
DA:306,0
DA:308,0
DA:309,0
DA:313,0
DA:314,0
DA:316,0
DA:317,0
DA:318,0
DA:322,0
DA:323,0
DA:325,0
DA:326,0
DA:330,0
DA:331,0
DA:333,0
DA:334,0
DA:335,0
DA:336,0
DA:338,0
DA:339,0
DA:344,0
DA:345,0
DA:346,0
DA:348,0
DA:349,0
DA:350,0
DA:354,0
DA:355,0
DA:359,0
DA:360,0
DA:364,0
DA:365,0
DA:366,0
DA:367,0
DA:372,0
DA:373,0
DA:374,0
DA:375,0
DA:377,0
DA:378,0
DA:379,0
DA:381,0
DA:385,0
DA:389,0
DA:390,0
DA:391,0
DA:392,0
LF:151
LH:0
BRDA:16,0,0,0
BRDA:16,0,1,0
BRDA:156,1,0,0
BRDA:156,1,1,0
BRDA:156,2,0,0
BRDA:156,2,1,0
BRDA:156,2,2,0
BRDA:223,3,0,0
BRDA:223,3,1,0
BRDA:223,4,0,0
BRDA:223,4,1,0
BRDA:241,5,0,0
BRDA:241,5,1,0
BRDA:261,6,0,0
BRDA:261,6,1,0
BRDA:269,7,0,0
BRDA:269,7,1,0
BRDA:276,8,0,0
BRDA:276,8,1,0
BRDA:292,9,0,0
BRDA:292,9,1,0
BRDA:329,10,0,0
BRDA:333,11,0,0
BRDA:333,11,1,0
BRDA:343,12,0,0
BRDA:349,13,0,0
BRDA:349,13,1,0
BRDA:360,14,0,0
BRDA:360,14,1,0
BRDA:365,15,0,0
BRDA:365,15,1,0
BRDA:377,16,0,0
BRDA:377,16,1,0
BRDA:378,17,0,0
BRDA:378,17,1,0
BRDA:381,18,0,0
BRDA:381,18,1,0
BRDA:381,18,2,0
BRDA:389,19,0,0
BRDA:389,19,1,0
BRF:40
BRH:0
end_of_record
TN:
SF:lib/ui/ContextTags.js
FN:9,(anonymous_0)
FN:16,(anonymous_1)
FN:23,(anonymous_2)
FN:32,(anonymous_3)
FN:57,(anonymous_4)
FN:61,(anonymous_5)
FN:62,(anonymous_6)
FN:75,(anonymous_7)
FN:76,(anonymous_8)
FN:92,(anonymous_9)
FN:118,(anonymous_10)
FN:149,(anonymous_11)
FN:157,(anonymous_12)
FN:167,(anonymous_13)
FN:173,(anonymous_14)
FN:183,(anonymous_15)
FN:194,(anonymous_16)
FNF:17
FNH:0
FNDA:0,(anonymous_0)
FNDA:0,(anonymous_1)
FNDA:0,(anonymous_2)
FNDA:0,(anonymous_3)
FNDA:0,(anonymous_4)
FNDA:0,(anonymous_5)
FNDA:0,(anonymous_6)
FNDA:0,(anonymous_7)
FNDA:0,(anonymous_8)
FNDA:0,(anonymous_9)
FNDA:0,(anonymous_10)
FNDA:0,(anonymous_11)
FNDA:0,(anonymous_12)
FNDA:0,(anonymous_13)
FNDA:0,(anonymous_14)
FNDA:0,(anonymous_15)
FNDA:0,(anonymous_16)
DA:10,0
DA:11,0
DA:12,0
DA:13,0
DA:17,0
DA:18,0
DA:19,0
DA:24,0
DA:26,0
DA:28,0
DA:29,0
DA:32,0
DA:33,0
DA:34,0
DA:35,0
DA:39,0
DA:43,0
DA:44,0
DA:45,0
DA:46,0
DA:50,0
DA:54,0
DA:58,0
DA:61,0
DA:62,0
DA:63,0
DA:64,0
DA:66,0
DA:67,0
DA:68,0
DA:69,0
DA:75,0
DA:76,0
DA:77,0
DA:79,0
DA:80,0
DA:82,0
DA:83,0
DA:84,0
DA:85,0
DA:93,0
DA:94,0
DA:96,0
DA:98,0
DA:101,0
DA:102,0
DA:104,0
DA:105,0
DA:106,0
DA:109,0
DA:110,0
DA:111,0
DA:112,0
DA:113,0
DA:115,0
DA:116,0
DA:117,0
DA:118,0
DA:119,0
DA:120,0
DA:121,0
DA:123,0
DA:126,0
DA:127,0
DA:130,0
DA:131,0
DA:132,0
DA:133,0
DA:136,0
DA:137,0
DA:138,0
DA:139,0
DA:140,0
DA:143,0
DA:144,0
DA:146,0
DA:150,0
DA:151,0
DA:152,0
DA:155,0
DA:156,0
DA:157,0
DA:158,0
DA:159,0
DA:163,0
DA:164,0
DA:168,0
DA:171,0
DA:172,0
DA:173,0
DA:174,0
DA:175,0
DA:179,0
DA:180,0
DA:184,0
DA:185,0
DA:187,0
DA:188,0
DA:189,0
DA:190,0
DA:195,0
DA:200,0
DA:201,0
DA:202,0
DA:205,0
LF:105
LH:0
BRDA:18,0,0,0
BRDA:18,0,1,0
BRDA:24,1,0,0
BRDA:24,1,1,0
BRDA:43,2,0,0
BRDA:43,2,1,0
BRDA:58,3,0,0
BRDA:58,3,1,0
BRDA:66,4,0,0
BRDA:66,4,1,0
BRDA:68,5,0,0
BRDA:68,5,1,0
BRDA:79,6,0,0
BRDA:79,6,1,0
BRDA:84,7,0,0
BRDA:84,7,1,0
BRDA:94,8,0,0
BRDA:94,8,1,0
BRDA:101,9,0,0
BRDA:101,9,1,0
BRDA:101,10,0,0
BRDA:101,10,1,0
BRDA:101,10,2,0
BRDA:126,11,0,0
BRDA:126,11,1,0
BRDA:126,12,0,0
BRDA:126,12,1,0
BRDA:137,13,0,0
BRDA:137,13,1,0
BRDA:137,14,0,0
BRDA:137,14,1,0
BRDA:156,15,0,0
BRDA:156,15,1,0
BRDA:172,16,0,0
BRDA:172,16,1,0
BRDA:187,17,0,0
BRDA:187,17,1,0
BRDA:187,18,0,0
BRDA:187,18,1,0
BRDA:187,18,2,0
BRDA:189,19,0,0
BRDA:189,19,1,0
BRDA:189,20,0,0
BRDA:189,20,1,0
BRDA:189,20,2,0
BRDA:201,21,0,0
BRDA:201,21,1,0
BRF:47
BRH:0
end_of_record
TN:
SF:lib/ui/TopBanner.js
FN:6,(anonymous_0)
FN:10,(anonymous_1)
FN:37,(anonymous_2)
FN:43,(anonymous_3)
FN:49,(anonymous_4)
FN:57,(anonymous_5)
FNF:6
FNH:6
FNDA:7,(anonymous_0)
FNDA:6,(anonymous_1)
FNDA:5,(anonymous_2)
FNDA:2,(anonymous_3)
FNDA:2,(anonymous_4)
FNDA:9,(anonymous_5)
DA:7,7
DA:11,6
DA:13,6
DA:14,6
DA:15,6
DA:34,6
DA:38,5
DA:39,5
DA:40,5
DA:44,2
DA:45,2
DA:50,2
DA:51,1
DA:53,1
DA:58,9
DA:59,6
DA:60,6
LF:17
LH:17
BRDA:11,0,0,0
BRDA:11,0,1,6
BRDA:38,1,0,4
BRDA:38,1,1,1
BRDA:44,2,0,2
BRDA:44,2,1,0
BRDA:50,3,0,1
BRDA:50,3,1,1
BRDA:58,4,0,6
BRDA:58,4,1,3
BRF:10
BRH:8
end_of_record
TN:
SF:lib/ui/styles.js
FNF:0
FNH:0
DA:6,0
DA:536,0
LF:2
LH:0
BRF:0
BRH:0
end_of_record
TN:
SF:lib/utils/dom.js
FN:8,getElementSelector
FN:11,(anonymous_1)
FN:20,readableElementName
FN:31,getComputedStyleSummary
FN:51,shouldIgnoreElement
FNF:5
FNH:4
FNDA:3,getElementSelector
FNDA:3,(anonymous_1)
FNDA:5,readableElementName
FNDA:0,getComputedStyleSummary
FNDA:6,shouldIgnoreElement
DA:9,3
DA:10,2
DA:11,3
DA:12,1
DA:14,1
DA:21,5
DA:22,3
DA:23,2
DA:24,2
DA:25,1
DA:32,0
DA:33,0
DA:52,6
DA:55,4
DA:59,1
DA:62,3
DA:63,3
DA:65,1
LF:18
LH:16
BRDA:9,0,0,1
BRDA:9,0,1,2
BRDA:10,1,0,1
BRDA:10,1,1,1
BRDA:21,2,0,2
BRDA:21,2,1,3
BRDA:22,3,0,1
BRDA:22,3,1,2
BRDA:23,4,0,2
BRDA:23,4,1,1
BRDA:24,5,0,1
BRDA:24,5,1,1
BRDA:52,6,0,2
BRDA:52,6,1,4
BRDA:55,7,0,1
BRDA:55,7,1,3
BRDA:55,8,0,4
BRDA:55,8,1,3
BRDA:55,8,2,3
BRDA:55,8,3,3
BRDA:62,9,0,3
BRDA:62,9,1,3
BRDA:63,10,0,2
BRDA:63,10,1,1
BRDA:63,11,0,3
BRDA:63,11,1,2
BRF:26
BRH:26
end_of_record
